<?xml version="1.0" encoding="UTF-8"?>
<!-- Generated by org.testng.reporters.JUnitXMLReporter -->
<testsuite hostname="DESKTOP-DFEV0VQ" failures="0" tests="4" name="REST API GET Test" time="2.5" errors="0" timestamp="21 Jan 2021 08:00:12 GMT">
  <testcase classname="TestClasses.GETTest" name="TestGETWithNumbersOutrangeOfSalariesAbove" time="0.21"/>
  <testcase classname="TestClasses.GETTest" name="TestGETWithNumbersOutrangeOfSalariesAbove" time="0.177"/>
  <testcase classname="TestClasses.GETTest" name="TestGETWithNumbersOutrangeOfSalariesAbove" time="0.186"/>
  <testcase classname="TestClasses.GETTest" name="getTest" time="0.428"/>
</testsuite>
