<?xml version="1.0" encoding="UTF-8"?>
<!-- Generated by org.testng.reporters.JUnitXMLReporter -->
<testsuite hostname="DESKTOP-DFEV0VQ" failures="0" tests="4" name="REST API DELETE Test" time="3.127" errors="0" timestamp="20 Jan 2021 14:01:35 GMT">
  <testcase classname="Tests.DeleteTest" name="test" time="0.392"/>
  <testcase classname="Tests.DeleteTest" name="test" time="0.514"/>
  <testcase classname="Tests.DeleteTest" name="test" time="0.238"/>
  <testcase classname="Tests.DeleteTest" name="test" time="0.347"/>
</testsuite>
