<?xml version="1.0" encoding="UTF-8"?>
<!-- Generated by org.testng.reporters.JUnitXMLReporter -->
<testsuite hostname="DESKTOP-DFEV0VQ" failures="3" tests="7" name="REST API POST Test" time="3.838" errors="0" timestamp="20 Jan 2021 13:32:04 GMT">
  <testcase classname="Tests.POSTTest" name="addManyEmployeesRepeatedIDTest" time="0.313"/>
  <testcase classname="Tests.POSTTest" name="addManyEmployeesRepeatedIDTest" time="0.528"/>
  <testcase classname="Tests.POSTTest" name="addManyEmployeesRepeatedIDTest" time="0.2"/>
  <testcase classname="Tests.POSTTest" name="addManyEmployeesRepeatedIDTest" time="0.1">
    <failure type="java.lang.AssertionError" message="expected:&amp;lt;ERROR&amp;gt; but was:&amp;lt;SUCCESS&amp;gt;">
      <![CDATA[java.lang.AssertionError: expected:<ERROR> but was:<SUCCESS>
	at Tests.POSTTest.addManyEmployeesRepeatedIDTest(POSTTest.java:37)
	at org.apache.maven.surefire.testng.TestNGExecutor.run(TestNGExecutor.java:178)
	at org.apache.maven.surefire.testng.TestNGXmlTestSuite.execute(TestNGXmlTestSuite.java:92)
	at org.apache.maven.surefire.testng.TestNGProvider.invoke(TestNGProvider.java:96)
	at org.apache.maven.surefire.util.ReflectionUtils.invokeMethodWithArray2(ReflectionUtils.java:208)
	at org.apache.maven.surefire.booter.ProviderFactory$ProviderProxy.invoke(ProviderFactory.java:159)
	at org.apache.maven.surefire.booter.ProviderFactory.invokeProvider(ProviderFactory.java:87)
	at org.apache.maven.surefire.booter.ForkedBooter.runSuitesInProcess(ForkedBooter.java:153)
	at org.apache.maven.surefire.booter.ForkedBooter.main(ForkedBooter.java:95)
... Removed 30 stack frames]]>
    </failure>
  </testcase>
  <testcase classname="Tests.POSTTest" name="addManyEmployeesRepeatedIDTest" time="0.159">
    <failure type="java.lang.AssertionError" message="expected:&amp;lt;ERROR&amp;gt; but was:&amp;lt;SUCCESS&amp;gt;">
      <![CDATA[java.lang.AssertionError: expected:<ERROR> but was:<SUCCESS>
	at Tests.POSTTest.addManyEmployeesRepeatedIDTest(POSTTest.java:37)
	at org.apache.maven.surefire.testng.TestNGExecutor.run(TestNGExecutor.java:178)
	at org.apache.maven.surefire.testng.TestNGXmlTestSuite.execute(TestNGXmlTestSuite.java:92)
	at org.apache.maven.surefire.testng.TestNGProvider.invoke(TestNGProvider.java:96)
	at org.apache.maven.surefire.util.ReflectionUtils.invokeMethodWithArray2(ReflectionUtils.java:208)
	at org.apache.maven.surefire.booter.ProviderFactory$ProviderProxy.invoke(ProviderFactory.java:159)
	at org.apache.maven.surefire.booter.ProviderFactory.invokeProvider(ProviderFactory.java:87)
	at org.apache.maven.surefire.booter.ForkedBooter.runSuitesInProcess(ForkedBooter.java:153)
	at org.apache.maven.surefire.booter.ForkedBooter.main(ForkedBooter.java:95)
... Removed 30 stack frames]]>
    </failure>
  </testcase>
  <testcase classname="Tests.POSTTest" name="addManyEmployeesRepeatedIDTest" time="0.311">
    <failure type="java.lang.AssertionError" message="expected:&amp;lt;50000&amp;gt; but was:&amp;lt;10000&amp;gt;">
      <![CDATA[java.lang.AssertionError: expected:<50000> but was:<10000>
	at Tests.POSTTest.addManyEmployeesRepeatedIDTest(POSTTest.java:41)
	at org.apache.maven.surefire.testng.TestNGExecutor.run(TestNGExecutor.java:178)
	at org.apache.maven.surefire.testng.TestNGXmlTestSuite.execute(TestNGXmlTestSuite.java:92)
	at org.apache.maven.surefire.testng.TestNGProvider.invoke(TestNGProvider.java:96)
	at org.apache.maven.surefire.util.ReflectionUtils.invokeMethodWithArray2(ReflectionUtils.java:208)
	at org.apache.maven.surefire.booter.ProviderFactory$ProviderProxy.invoke(ProviderFactory.java:159)
	at org.apache.maven.surefire.booter.ProviderFactory.invokeProvider(ProviderFactory.java:87)
	at org.apache.maven.surefire.booter.ForkedBooter.runSuitesInProcess(ForkedBooter.java:153)
	at org.apache.maven.surefire.booter.ForkedBooter.main(ForkedBooter.java:95)
... Removed 30 stack frames]]>
    </failure>
  </testcase>
  <testcase classname="Tests.POSTTest" name="addManyEmployeesRepeatedIDTest" time="0.363"/>
</testsuite>
