<?xml version="1.0" encoding="UTF-8"?>
<!-- Generated by org.testng.reporters.JUnitXMLReporter -->
<testsuite hostname="DESKTOP-DFEV0VQ" failures="0" tests="4" name="REST API DELETE Test" time="4.091" errors="0" timestamp="20 Jan 2021 12:19:23 GMT">
  <testcase classname="Tests.DeleteTest" name="test" time="0.91"/>
  <testcase classname="Tests.DeleteTest" name="test" time="0.555"/>
  <testcase classname="Tests.DeleteTest" name="test" time="0.607"/>
  <testcase classname="Tests.DeleteTest" name="test" time="0.584"/>
</testsuite>
