<?xml version="1.0" encoding="UTF-8"?>
<testng-results total="18" passed="13" failed="5" skipped="0">
  <reporter-output>
  </reporter-output>
  <suite started-at="2021-01-20T16:01:30Z" name="Suite1" finished-at="2021-01-20T16:01:38Z" duration-ms="7264">
    <groups>
    </groups>
    <test started-at="2021-01-20T16:01:37Z" name="REST API PUT Test" finished-at="2021-01-20T16:01:38Z" duration-ms="659">
      <class name="Tests.PUTTest">
        <test-method is-config="true" signature="setData()[pri:0, instance:Tests.PUTTest@2bfc268b]" started-at="2021-01-20T16:01:37Z" name="setData" finished-at="2021-01-20T16:01:37Z" duration-ms="116" status="PASS">
        </test-method>
        <test-method signature="updateNameByUpdatingEmployee(java.lang.String, java.lang.String, java.lang.String, java.lang.String)[pri:0, instance:Tests.PUTTest@2bfc268b]" started-at="2021-01-20T16:01:37Z" name="updateNameByUpdatingEmployee" finished-at="2021-01-20T16:01:37Z" duration-ms="102" status="FAIL">
          <params>
            <param index="0">
              <value>
                <![CDATA[438768422146]]>
              </value>
            </param>
            <param index="1">
              <value>
                <![CDATA[Data\PutData\put1.json]]>
              </value>
            </param>
            <param index="2">
              <value>
                <![CDATA[Data\PutData\put1Result.json]]>
              </value>
            </param>
            <param index="3">
              <value>
                <![CDATA[SUCCESS]]>
              </value>
            </param>
          </params>
          <exception class="java.lang.AssertionError">
            <message>
              <![CDATA[items[firstName=Pascsssal].id
Expected: 438745745094
     got: 438768422146
 ; items[firstName=Pascsssal].salary
Expected: 100005
     got: 50002
 ; items[firstName=John]
Expected: a JSON object
     but none found
 ; items[firstName=Blaise]
Unexpected: a JSON object
 ; maxSalary
Expected: 100005
     got: 50002
 ; minSalary
Expected: 5000
     got: 10000
 ; totalSalaries
Expected: 105005
     got: 60002
]]>
            </message>
            <full-stacktrace>
              <![CDATA[java.lang.AssertionError: items[firstName=Pascsssal].id
Expected: 438745745094
     got: 438768422146
 ; items[firstName=Pascsssal].salary
Expected: 100005
     got: 50002
 ; items[firstName=John]
Expected: a JSON object
     but none found
 ; items[firstName=Blaise]
Unexpected: a JSON object
 ; maxSalary
Expected: 100005
     got: 50002
 ; minSalary
Expected: 5000
     got: 10000
 ; totalSalaries
Expected: 105005
     got: 60002

	at org.skyscreamer.jsonassert.JSONAssert.assertEquals(JSONAssert.java:417)
	at org.skyscreamer.jsonassert.JSONAssert.assertEquals(JSONAssert.java:394)
	at org.skyscreamer.jsonassert.JSONAssert.assertEquals(JSONAssert.java:336)
	at Tests.PUTTest.updateNameByUpdatingEmployee(PUTTest.java:35)
	at java.base/jdk.internal.reflect.NativeMethodAccessorImpl.invoke0(Native Method)
	at java.base/jdk.internal.reflect.NativeMethodAccessorImpl.invoke(NativeMethodAccessorImpl.java:64)
	at java.base/jdk.internal.reflect.DelegatingMethodAccessorImpl.invoke(DelegatingMethodAccessorImpl.java:43)
	at java.base/java.lang.reflect.Method.invoke(Method.java:564)
	at org.testng.internal.MethodInvocationHelper.invokeMethod(MethodInvocationHelper.java:80)
	at org.testng.internal.Invoker.invokeMethod(Invoker.java:691)
	at org.testng.internal.Invoker.invokeTestMethod(Invoker.java:883)
	at org.testng.internal.Invoker.invokeTestMethods(Invoker.java:1208)
	at org.testng.internal.TestMethodWorker.invokeTestMethods(TestMethodWorker.java:127)
	at org.testng.internal.TestMethodWorker.run(TestMethodWorker.java:111)
	at org.testng.TestRunner.privateRun(TestRunner.java:758)
	at org.testng.TestRunner.run(TestRunner.java:613)
	at org.testng.SuiteRunner.runTest(SuiteRunner.java:334)
	at org.testng.SuiteRunner.runSequentially(SuiteRunner.java:329)
	at org.testng.SuiteRunner.privateRun(SuiteRunner.java:291)
	at org.testng.SuiteRunner.run(SuiteRunner.java:240)
	at org.testng.SuiteRunnerWorker.runSuite(SuiteRunnerWorker.java:53)
	at org.testng.SuiteRunnerWorker.run(SuiteRunnerWorker.java:87)
	at org.testng.TestNG.runSuitesSequentially(TestNG.java:1137)
	at org.testng.TestNG.runSuitesLocally(TestNG.java:1062)
	at org.testng.TestNG.run(TestNG.java:974)
	at org.apache.maven.surefire.testng.TestNGExecutor.run(TestNGExecutor.java:178)
	at org.apache.maven.surefire.testng.TestNGXmlTestSuite.execute(TestNGXmlTestSuite.java:92)
	at org.apache.maven.surefire.testng.TestNGProvider.invoke(TestNGProvider.java:96)
	at java.base/jdk.internal.reflect.NativeMethodAccessorImpl.invoke0(Native Method)
	at java.base/jdk.internal.reflect.NativeMethodAccessorImpl.invoke(NativeMethodAccessorImpl.java:64)
	at java.base/jdk.internal.reflect.DelegatingMethodAccessorImpl.invoke(DelegatingMethodAccessorImpl.java:43)
	at java.base/java.lang.reflect.Method.invoke(Method.java:564)
	at org.apache.maven.surefire.util.ReflectionUtils.invokeMethodWithArray2(ReflectionUtils.java:208)
	at org.apache.maven.surefire.booter.ProviderFactory$ProviderProxy.invoke(ProviderFactory.java:159)
	at org.apache.maven.surefire.booter.ProviderFactory.invokeProvider(ProviderFactory.java:87)
	at org.apache.maven.surefire.booter.ForkedBooter.runSuitesInProcess(ForkedBooter.java:153)
	at org.apache.maven.surefire.booter.ForkedBooter.main(ForkedBooter.java:95)
]]>
            </full-stacktrace>
          </exception>
        </test-method>
        <test-method is-config="true" signature="setData()[pri:0, instance:Tests.PUTTest@2bfc268b]" started-at="2021-01-20T16:01:37Z" name="setData" finished-at="2021-01-20T16:01:37Z" duration-ms="97" status="PASS">
        </test-method>
        <test-method signature="updateNameByUpdatingEmployee(java.lang.String, java.lang.String, java.lang.String, java.lang.String)[pri:0, instance:Tests.PUTTest@2bfc268b]" started-at="2021-01-20T16:01:37Z" name="updateNameByUpdatingEmployee" finished-at="2021-01-20T16:01:38Z" duration-ms="127" status="FAIL">
          <params>
            <param index="0">
              <value>
                <![CDATA[438768422146]]>
              </value>
            </param>
            <param index="1">
              <value>
                <![CDATA[Data\PutData\put2.json]]>
              </value>
            </param>
            <param index="2">
              <value>
                <![CDATA[Data\PutData\put2Result.json]]>
              </value>
            </param>
            <param index="3">
              <value>
                <![CDATA[SUCCESS]]>
              </value>
            </param>
          </params>
          <exception class="java.lang.AssertionError">
            <message>
              <![CDATA[items[firstName=Test].salary
Expected: 500
     got: 250
 ; minSalary
Expected: 500
     got: 250
]]>
            </message>
            <full-stacktrace>
              <![CDATA[java.lang.AssertionError: items[firstName=Test].salary
Expected: 500
     got: 250
 ; minSalary
Expected: 500
     got: 250

	at org.skyscreamer.jsonassert.JSONAssert.assertEquals(JSONAssert.java:417)
	at org.skyscreamer.jsonassert.JSONAssert.assertEquals(JSONAssert.java:394)
	at org.skyscreamer.jsonassert.JSONAssert.assertEquals(JSONAssert.java:336)
	at Tests.PUTTest.updateNameByUpdatingEmployee(PUTTest.java:35)
	at java.base/jdk.internal.reflect.NativeMethodAccessorImpl.invoke0(Native Method)
	at java.base/jdk.internal.reflect.NativeMethodAccessorImpl.invoke(NativeMethodAccessorImpl.java:64)
	at java.base/jdk.internal.reflect.DelegatingMethodAccessorImpl.invoke(DelegatingMethodAccessorImpl.java:43)
	at java.base/java.lang.reflect.Method.invoke(Method.java:564)
	at org.testng.internal.MethodInvocationHelper.invokeMethod(MethodInvocationHelper.java:80)
	at org.testng.internal.Invoker.invokeMethod(Invoker.java:691)
	at org.testng.internal.Invoker.invokeTestMethod(Invoker.java:883)
	at org.testng.internal.Invoker.invokeTestMethods(Invoker.java:1208)
	at org.testng.internal.TestMethodWorker.invokeTestMethods(TestMethodWorker.java:127)
	at org.testng.internal.TestMethodWorker.run(TestMethodWorker.java:111)
	at org.testng.TestRunner.privateRun(TestRunner.java:758)
	at org.testng.TestRunner.run(TestRunner.java:613)
	at org.testng.SuiteRunner.runTest(SuiteRunner.java:334)
	at org.testng.SuiteRunner.runSequentially(SuiteRunner.java:329)
	at org.testng.SuiteRunner.privateRun(SuiteRunner.java:291)
	at org.testng.SuiteRunner.run(SuiteRunner.java:240)
	at org.testng.SuiteRunnerWorker.runSuite(SuiteRunnerWorker.java:53)
	at org.testng.SuiteRunnerWorker.run(SuiteRunnerWorker.java:87)
	at org.testng.TestNG.runSuitesSequentially(TestNG.java:1137)
	at org.testng.TestNG.runSuitesLocally(TestNG.java:1062)
	at org.testng.TestNG.run(TestNG.java:974)
	at org.apache.maven.surefire.testng.TestNGExecutor.run(TestNGExecutor.java:178)
	at org.apache.maven.surefire.testng.TestNGXmlTestSuite.execute(TestNGXmlTestSuite.java:92)
	at org.apache.maven.surefire.testng.TestNGProvider.invoke(TestNGProvider.java:96)
	at java.base/jdk.internal.reflect.NativeMethodAccessorImpl.invoke0(Native Method)
	at java.base/jdk.internal.reflect.NativeMethodAccessorImpl.invoke(NativeMethodAccessorImpl.java:64)
	at java.base/jdk.internal.reflect.DelegatingMethodAccessorImpl.invoke(DelegatingMethodAccessorImpl.java:43)
	at java.base/java.lang.reflect.Method.invoke(Method.java:564)
	at org.apache.maven.surefire.util.ReflectionUtils.invokeMethodWithArray2(ReflectionUtils.java:208)
	at org.apache.maven.surefire.booter.ProviderFactory$ProviderProxy.invoke(ProviderFactory.java:159)
	at org.apache.maven.surefire.booter.ProviderFactory.invokeProvider(ProviderFactory.java:87)
	at org.apache.maven.surefire.booter.ForkedBooter.runSuitesInProcess(ForkedBooter.java:153)
	at org.apache.maven.surefire.booter.ForkedBooter.main(ForkedBooter.java:95)
]]>
            </full-stacktrace>
          </exception>
        </test-method>
        <test-method is-config="true" signature="setData()[pri:0, instance:Tests.PUTTest@2bfc268b]" started-at="2021-01-20T16:01:38Z" name="setData" finished-at="2021-01-20T16:01:38Z" duration-ms="107" status="PASS">
        </test-method>
        <test-method signature="updateNameByUpdatingEmployee(java.lang.String, java.lang.String, java.lang.String, java.lang.String)[pri:0, instance:Tests.PUTTest@2bfc268b]" started-at="2021-01-20T16:01:38Z" name="updateNameByUpdatingEmployee" finished-at="2021-01-20T16:01:38Z" duration-ms="107" status="PASS">
          <params>
            <param index="0">
              <value>
                <![CDATA[438745745094]]>
              </value>
            </param>
            <param index="1">
              <value>
                <![CDATA[Data\PutData\put3.json]]>
              </value>
            </param>
            <param index="2">
              <value>
                <![CDATA[Data\PutData\put3Result.json]]>
              </value>
            </param>
            <param index="3">
              <value>
                <![CDATA[SUCCESS]]>
              </value>
            </param>
          </params>
        </test-method>
      </class>
    </test>
    <test started-at="2021-01-20T16:01:30Z" name="REST API GET Test" finished-at="2021-01-20T16:01:32Z" duration-ms="1689">
      <class name="Tests.GETTest">
        <test-method is-config="true" signature="setData()[pri:0, instance:Tests.GETTest@77eca502]" started-at="2021-01-20T16:01:31Z" name="setData" finished-at="2021-01-20T16:01:31Z" duration-ms="272" status="PASS">
        </test-method>
        <test-method signature="TestGETWithNumbersOutrangeOfSalariesAbove(int, int, int, java.lang.String)[pri:0, instance:Tests.GETTest@77eca502]" started-at="2021-01-20T16:01:31Z" name="TestGETWithNumbersOutrangeOfSalariesAbove" finished-at="2021-01-20T16:01:31Z" duration-ms="132" status="PASS">
          <params>
            <param index="0">
              <value>
                <![CDATA[100]]>
              </value>
            </param>
            <param index="1">
              <value>
                <![CDATA[200]]>
              </value>
            </param>
            <param index="2">
              <value>
                <![CDATA[0]]>
              </value>
            </param>
            <param index="3">
              <value>
                <![CDATA[Data\GetData\GETData3.json]]>
              </value>
            </param>
          </params>
        </test-method>
        <test-method is-config="true" signature="setData()[pri:0, instance:Tests.GETTest@77eca502]" started-at="2021-01-20T16:01:31Z" name="setData" finished-at="2021-01-20T16:01:31Z" duration-ms="247" status="PASS">
        </test-method>
        <test-method signature="TestGETWithNumbersOutrangeOfSalariesAbove(int, int, int, java.lang.String)[pri:0, instance:Tests.GETTest@77eca502]" started-at="2021-01-20T16:01:31Z" name="TestGETWithNumbersOutrangeOfSalariesAbove" finished-at="2021-01-20T16:01:31Z" duration-ms="125" status="PASS">
          <params>
            <param index="0">
              <value>
                <![CDATA[90000]]>
              </value>
            </param>
            <param index="1">
              <value>
                <![CDATA[100000]]>
              </value>
            </param>
            <param index="2">
              <value>
                <![CDATA[0]]>
              </value>
            </param>
            <param index="3">
              <value>
                <![CDATA[Data\GetData\GETData3.json]]>
              </value>
            </param>
          </params>
        </test-method>
        <test-method is-config="true" signature="setData()[pri:0, instance:Tests.GETTest@77eca502]" started-at="2021-01-20T16:01:31Z" name="setData" finished-at="2021-01-20T16:01:32Z" duration-ms="515" status="PASS">
        </test-method>
        <test-method signature="TestGETWithNumbersOutrangeOfSalariesAbove(int, int, int, java.lang.String)[pri:0, instance:Tests.GETTest@77eca502]" started-at="2021-01-20T16:01:32Z" name="TestGETWithNumbersOutrangeOfSalariesAbove" finished-at="2021-01-20T16:01:32Z" duration-ms="109" status="PASS">
          <params>
            <param index="0">
              <value>
                <![CDATA[5000]]>
              </value>
            </param>
            <param index="1">
              <value>
                <![CDATA[10000]]>
              </value>
            </param>
            <param index="2">
              <value>
                <![CDATA[2]]>
              </value>
            </param>
            <param index="3">
              <value>
                <![CDATA[Data\GetData\GETData.json]]>
              </value>
            </param>
          </params>
        </test-method>
        <test-method is-config="true" signature="setData()[pri:0, instance:Tests.GETTest@77eca502]" started-at="2021-01-20T16:01:32Z" name="setData" finished-at="2021-01-20T16:01:32Z" duration-ms="184" status="PASS">
        </test-method>
        <test-method signature="test1()[pri:0, instance:Tests.GETTest@77eca502]" started-at="2021-01-20T16:01:32Z" name="test1" finished-at="2021-01-20T16:01:32Z" duration-ms="96" status="PASS">
        </test-method>
      </class>
    </test>
    <test started-at="2021-01-20T16:01:32Z" name="REST API DELETE Test" finished-at="2021-01-20T16:01:35Z" duration-ms="3127">
      <class name="Tests.DeleteTest">
        <test-method is-config="true" signature="setData()[pri:0, instance:Tests.DeleteTest@79da8dc5]" started-at="2021-01-20T16:01:32Z" name="setData" finished-at="2021-01-20T16:01:34Z" duration-ms="1297" status="PASS">
        </test-method>
        <test-method signature="test(java.lang.String, java.lang.String, int)[pri:0, instance:Tests.DeleteTest@79da8dc5]" started-at="2021-01-20T16:01:34Z" name="test" finished-at="2021-01-20T16:01:34Z" duration-ms="392" status="PASS">
          <params>
            <param index="0">
              <value>
                <![CDATA[438745745094]]>
              </value>
            </param>
            <param index="1">
              <value>
                <![CDATA[SUCCESS]]>
              </value>
            </param>
            <param index="2">
              <value>
                <![CDATA[1]]>
              </value>
            </param>
          </params>
        </test-method>
        <test-method is-config="true" signature="setData()[pri:0, instance:Tests.DeleteTest@79da8dc5]" started-at="2021-01-20T16:01:34Z" name="setData" finished-at="2021-01-20T16:01:34Z" duration-ms="139" status="PASS">
        </test-method>
        <test-method signature="test(java.lang.String, java.lang.String, int)[pri:0, instance:Tests.DeleteTest@79da8dc5]" started-at="2021-01-20T16:01:34Z" name="test" finished-at="2021-01-20T16:01:35Z" duration-ms="514" status="PASS">
          <params>
            <param index="0">
              <value>
                <![CDATA[]]>
              </value>
            </param>
            <param index="1">
              <value>
                <![CDATA[SUCCESS]]>
              </value>
            </param>
            <param index="2">
              <value>
                <![CDATA[0]]>
              </value>
            </param>
          </params>
        </test-method>
        <test-method is-config="true" signature="setData()[pri:0, instance:Tests.DeleteTest@79da8dc5]" started-at="2021-01-20T16:01:35Z" name="setData" finished-at="2021-01-20T16:01:35Z" duration-ms="78" status="PASS">
        </test-method>
        <test-method signature="test(java.lang.String, java.lang.String, int)[pri:0, instance:Tests.DeleteTest@79da8dc5]" started-at="2021-01-20T16:01:35Z" name="test" finished-at="2021-01-20T16:01:35Z" duration-ms="238" status="PASS">
          <params>
            <param index="0">
              <value>
                <![CDATA[438745745094]]>
              </value>
            </param>
            <param index="1">
              <value>
                <![CDATA[SUCCESS]]>
              </value>
            </param>
            <param index="2">
              <value>
                <![CDATA[1]]>
              </value>
            </param>
          </params>
        </test-method>
        <test-method is-config="true" signature="setData()[pri:0, instance:Tests.DeleteTest@79da8dc5]" started-at="2021-01-20T16:01:35Z" name="setData" finished-at="2021-01-20T16:01:35Z" duration-ms="121" status="PASS">
        </test-method>
        <test-method signature="test(java.lang.String, java.lang.String, int)[pri:0, instance:Tests.DeleteTest@79da8dc5]" started-at="2021-01-20T16:01:35Z" name="test" finished-at="2021-01-20T16:01:35Z" duration-ms="347" status="PASS">
          <params>
            <param index="0">
              <value>
                <![CDATA[438]]>
              </value>
            </param>
            <param index="1">
              <value>
                <![CDATA[ERROR]]>
              </value>
            </param>
            <param index="2">
              <value>
                <![CDATA[2]]>
              </value>
            </param>
          </params>
        </test-method>
      </class>
    </test>
    <test started-at="2021-01-20T16:01:35Z" name="REST API POST Test" finished-at="2021-01-20T16:01:37Z" duration-ms="1745">
      <class name="Tests.POSTTest">
        <test-method is-config="true" signature="setData()[pri:0, instance:Tests.POSTTest@5fd4f8f5]" started-at="2021-01-20T16:01:35Z" name="setData" finished-at="2021-01-20T16:01:36Z" duration-ms="165" status="PASS">
        </test-method>
        <test-method signature="addManyEmployeesRepeatedIDTest(java.lang.String, java.lang.String, int, int, int, int)[pri:0, instance:Tests.POSTTest@5fd4f8f5]" started-at="2021-01-20T16:01:36Z" name="addManyEmployeesRepeatedIDTest" finished-at="2021-01-20T16:01:36Z" duration-ms="203" status="PASS">
          <params>
            <param index="0">
              <value>
                <![CDATA[Data\PostData\Post1.json]]>
              </value>
            </param>
            <param index="1">
              <value>
                <![CDATA[SUCCESS]]>
              </value>
            </param>
            <param index="2">
              <value>
                <![CDATA[3]]>
              </value>
            </param>
            <param index="3">
              <value>
                <![CDATA[35000]]>
              </value>
            </param>
            <param index="4">
              <value>
                <![CDATA[5000]]>
              </value>
            </param>
            <param index="5">
              <value>
                <![CDATA[50000]]>
              </value>
            </param>
          </params>
        </test-method>
        <test-method is-config="true" signature="setData()[pri:0, instance:Tests.POSTTest@5fd4f8f5]" started-at="2021-01-20T16:01:36Z" name="setData" finished-at="2021-01-20T16:01:36Z" duration-ms="110" status="PASS">
        </test-method>
        <test-method signature="addManyEmployeesRepeatedIDTest(java.lang.String, java.lang.String, int, int, int, int)[pri:0, instance:Tests.POSTTest@5fd4f8f5]" started-at="2021-01-20T16:01:36Z" name="addManyEmployeesRepeatedIDTest" finished-at="2021-01-20T16:01:36Z" duration-ms="108" status="PASS">
          <params>
            <param index="0">
              <value>
                <![CDATA[Data\PostData\post3.json]]>
              </value>
            </param>
            <param index="1">
              <value>
                <![CDATA[ERROR]]>
              </value>
            </param>
            <param index="2">
              <value>
                <![CDATA[2]]>
              </value>
            </param>
            <param index="3">
              <value>
                <![CDATA[10000]]>
              </value>
            </param>
            <param index="4">
              <value>
                <![CDATA[5000]]>
              </value>
            </param>
            <param index="5">
              <value>
                <![CDATA[15000]]>
              </value>
            </param>
          </params>
        </test-method>
        <test-method is-config="true" signature="setData()[pri:0, instance:Tests.POSTTest@5fd4f8f5]" started-at="2021-01-20T16:01:36Z" name="setData" finished-at="2021-01-20T16:01:36Z" duration-ms="102" status="PASS">
        </test-method>
        <test-method signature="addManyEmployeesRepeatedIDTest(java.lang.String, java.lang.String, int, int, int, int)[pri:0, instance:Tests.POSTTest@5fd4f8f5]" started-at="2021-01-20T16:01:36Z" name="addManyEmployeesRepeatedIDTest" finished-at="2021-01-20T16:01:36Z" duration-ms="150" status="PASS">
          <params>
            <param index="0">
              <value>
                <![CDATA[Data\PostData\POST4.json]]>
              </value>
            </param>
            <param index="1">
              <value>
                <![CDATA[ERROR]]>
              </value>
            </param>
            <param index="2">
              <value>
                <![CDATA[2]]>
              </value>
            </param>
            <param index="3">
              <value>
                <![CDATA[10000]]>
              </value>
            </param>
            <param index="4">
              <value>
                <![CDATA[5000]]>
              </value>
            </param>
            <param index="5">
              <value>
                <![CDATA[15000]]>
              </value>
            </param>
          </params>
        </test-method>
        <test-method is-config="true" signature="setData()[pri:0, instance:Tests.POSTTest@5fd4f8f5]" started-at="2021-01-20T16:01:36Z" name="setData" finished-at="2021-01-20T16:01:36Z" duration-ms="137" status="PASS">
        </test-method>
        <test-method signature="addManyEmployeesRepeatedIDTest(java.lang.String, java.lang.String, int, int, int, int)[pri:0, instance:Tests.POSTTest@5fd4f8f5]" started-at="2021-01-20T16:01:36Z" name="addManyEmployeesRepeatedIDTest" finished-at="2021-01-20T16:01:36Z" duration-ms="73" status="FAIL">
          <params>
            <param index="0">
              <value>
                <![CDATA[Data\PostData\Post6.json]]>
              </value>
            </param>
            <param index="1">
              <value>
                <![CDATA[ERROR]]>
              </value>
            </param>
            <param index="2">
              <value>
                <![CDATA[2]]>
              </value>
            </param>
            <param index="3">
              <value>
                <![CDATA[10000]]>
              </value>
            </param>
            <param index="4">
              <value>
                <![CDATA[5000]]>
              </value>
            </param>
            <param index="5">
              <value>
                <![CDATA[15000]]>
              </value>
            </param>
          </params>
          <exception class="java.lang.AssertionError">
            <message>
              <![CDATA[expected:<ERROR> but was:<SUCCESS>]]>
            </message>
            <full-stacktrace>
              <![CDATA[java.lang.AssertionError: expected:<ERROR> but was:<SUCCESS>
	at org.testng.Assert.fail(Assert.java:89)
	at org.testng.Assert.failNotEquals(Assert.java:489)
	at org.testng.Assert.assertEquals(Assert.java:118)
	at org.testng.Assert.assertEquals(Assert.java:171)
	at org.testng.Assert.assertEquals(Assert.java:181)
	at Tests.POSTTest.addManyEmployeesRepeatedIDTest(POSTTest.java:37)
	at java.base/jdk.internal.reflect.NativeMethodAccessorImpl.invoke0(Native Method)
	at java.base/jdk.internal.reflect.NativeMethodAccessorImpl.invoke(NativeMethodAccessorImpl.java:64)
	at java.base/jdk.internal.reflect.DelegatingMethodAccessorImpl.invoke(DelegatingMethodAccessorImpl.java:43)
	at java.base/java.lang.reflect.Method.invoke(Method.java:564)
	at org.testng.internal.MethodInvocationHelper.invokeMethod(MethodInvocationHelper.java:80)
	at org.testng.internal.Invoker.invokeMethod(Invoker.java:691)
	at org.testng.internal.Invoker.invokeTestMethod(Invoker.java:883)
	at org.testng.internal.Invoker.invokeTestMethods(Invoker.java:1208)
	at org.testng.internal.TestMethodWorker.invokeTestMethods(TestMethodWorker.java:127)
	at org.testng.internal.TestMethodWorker.run(TestMethodWorker.java:111)
	at org.testng.TestRunner.privateRun(TestRunner.java:758)
	at org.testng.TestRunner.run(TestRunner.java:613)
	at org.testng.SuiteRunner.runTest(SuiteRunner.java:334)
	at org.testng.SuiteRunner.runSequentially(SuiteRunner.java:329)
	at org.testng.SuiteRunner.privateRun(SuiteRunner.java:291)
	at org.testng.SuiteRunner.run(SuiteRunner.java:240)
	at org.testng.SuiteRunnerWorker.runSuite(SuiteRunnerWorker.java:53)
	at org.testng.SuiteRunnerWorker.run(SuiteRunnerWorker.java:87)
	at org.testng.TestNG.runSuitesSequentially(TestNG.java:1137)
	at org.testng.TestNG.runSuitesLocally(TestNG.java:1062)
	at org.testng.TestNG.run(TestNG.java:974)
	at org.apache.maven.surefire.testng.TestNGExecutor.run(TestNGExecutor.java:178)
	at org.apache.maven.surefire.testng.TestNGXmlTestSuite.execute(TestNGXmlTestSuite.java:92)
	at org.apache.maven.surefire.testng.TestNGProvider.invoke(TestNGProvider.java:96)
	at java.base/jdk.internal.reflect.NativeMethodAccessorImpl.invoke0(Native Method)
	at java.base/jdk.internal.reflect.NativeMethodAccessorImpl.invoke(NativeMethodAccessorImpl.java:64)
	at java.base/jdk.internal.reflect.DelegatingMethodAccessorImpl.invoke(DelegatingMethodAccessorImpl.java:43)
	at java.base/java.lang.reflect.Method.invoke(Method.java:564)
	at org.apache.maven.surefire.util.ReflectionUtils.invokeMethodWithArray2(ReflectionUtils.java:208)
	at org.apache.maven.surefire.booter.ProviderFactory$ProviderProxy.invoke(ProviderFactory.java:159)
	at org.apache.maven.surefire.booter.ProviderFactory.invokeProvider(ProviderFactory.java:87)
	at org.apache.maven.surefire.booter.ForkedBooter.runSuitesInProcess(ForkedBooter.java:153)
	at org.apache.maven.surefire.booter.ForkedBooter.main(ForkedBooter.java:95)
]]>
            </full-stacktrace>
          </exception>
        </test-method>
        <test-method is-config="true" signature="setData()[pri:0, instance:Tests.POSTTest@5fd4f8f5]" started-at="2021-01-20T16:01:36Z" name="setData" finished-at="2021-01-20T16:01:37Z" duration-ms="141" status="PASS">
        </test-method>
        <test-method signature="addManyEmployeesRepeatedIDTest(java.lang.String, java.lang.String, int, int, int, int)[pri:0, instance:Tests.POSTTest@5fd4f8f5]" started-at="2021-01-20T16:01:37Z" name="addManyEmployeesRepeatedIDTest" finished-at="2021-01-20T16:01:37Z" duration-ms="81" status="FAIL">
          <params>
            <param index="0">
              <value>
                <![CDATA[Data\PostData\POST5.json]]>
              </value>
            </param>
            <param index="1">
              <value>
                <![CDATA[ERROR]]>
              </value>
            </param>
            <param index="2">
              <value>
                <![CDATA[2]]>
              </value>
            </param>
            <param index="3">
              <value>
                <![CDATA[10000]]>
              </value>
            </param>
            <param index="4">
              <value>
                <![CDATA[5000]]>
              </value>
            </param>
            <param index="5">
              <value>
                <![CDATA[15000]]>
              </value>
            </param>
          </params>
          <exception class="java.lang.AssertionError">
            <message>
              <![CDATA[expected:<ERROR> but was:<SUCCESS>]]>
            </message>
            <full-stacktrace>
              <![CDATA[java.lang.AssertionError: expected:<ERROR> but was:<SUCCESS>
	at org.testng.Assert.fail(Assert.java:89)
	at org.testng.Assert.failNotEquals(Assert.java:489)
	at org.testng.Assert.assertEquals(Assert.java:118)
	at org.testng.Assert.assertEquals(Assert.java:171)
	at org.testng.Assert.assertEquals(Assert.java:181)
	at Tests.POSTTest.addManyEmployeesRepeatedIDTest(POSTTest.java:37)
	at java.base/jdk.internal.reflect.NativeMethodAccessorImpl.invoke0(Native Method)
	at java.base/jdk.internal.reflect.NativeMethodAccessorImpl.invoke(NativeMethodAccessorImpl.java:64)
	at java.base/jdk.internal.reflect.DelegatingMethodAccessorImpl.invoke(DelegatingMethodAccessorImpl.java:43)
	at java.base/java.lang.reflect.Method.invoke(Method.java:564)
	at org.testng.internal.MethodInvocationHelper.invokeMethod(MethodInvocationHelper.java:80)
	at org.testng.internal.Invoker.invokeMethod(Invoker.java:691)
	at org.testng.internal.Invoker.invokeTestMethod(Invoker.java:883)
	at org.testng.internal.Invoker.invokeTestMethods(Invoker.java:1208)
	at org.testng.internal.TestMethodWorker.invokeTestMethods(TestMethodWorker.java:127)
	at org.testng.internal.TestMethodWorker.run(TestMethodWorker.java:111)
	at org.testng.TestRunner.privateRun(TestRunner.java:758)
	at org.testng.TestRunner.run(TestRunner.java:613)
	at org.testng.SuiteRunner.runTest(SuiteRunner.java:334)
	at org.testng.SuiteRunner.runSequentially(SuiteRunner.java:329)
	at org.testng.SuiteRunner.privateRun(SuiteRunner.java:291)
	at org.testng.SuiteRunner.run(SuiteRunner.java:240)
	at org.testng.SuiteRunnerWorker.runSuite(SuiteRunnerWorker.java:53)
	at org.testng.SuiteRunnerWorker.run(SuiteRunnerWorker.java:87)
	at org.testng.TestNG.runSuitesSequentially(TestNG.java:1137)
	at org.testng.TestNG.runSuitesLocally(TestNG.java:1062)
	at org.testng.TestNG.run(TestNG.java:974)
	at org.apache.maven.surefire.testng.TestNGExecutor.run(TestNGExecutor.java:178)
	at org.apache.maven.surefire.testng.TestNGXmlTestSuite.execute(TestNGXmlTestSuite.java:92)
	at org.apache.maven.surefire.testng.TestNGProvider.invoke(TestNGProvider.java:96)
	at java.base/jdk.internal.reflect.NativeMethodAccessorImpl.invoke0(Native Method)
	at java.base/jdk.internal.reflect.NativeMethodAccessorImpl.invoke(NativeMethodAccessorImpl.java:64)
	at java.base/jdk.internal.reflect.DelegatingMethodAccessorImpl.invoke(DelegatingMethodAccessorImpl.java:43)
	at java.base/java.lang.reflect.Method.invoke(Method.java:564)
	at org.apache.maven.surefire.util.ReflectionUtils.invokeMethodWithArray2(ReflectionUtils.java:208)
	at org.apache.maven.surefire.booter.ProviderFactory$ProviderProxy.invoke(ProviderFactory.java:159)
	at org.apache.maven.surefire.booter.ProviderFactory.invokeProvider(ProviderFactory.java:87)
	at org.apache.maven.surefire.booter.ForkedBooter.runSuitesInProcess(ForkedBooter.java:153)
	at org.apache.maven.surefire.booter.ForkedBooter.main(ForkedBooter.java:95)
]]>
            </full-stacktrace>
          </exception>
        </test-method>
        <test-method is-config="true" signature="setData()[pri:0, instance:Tests.POSTTest@5fd4f8f5]" started-at="2021-01-20T16:01:37Z" name="setData" finished-at="2021-01-20T16:01:37Z" duration-ms="113" status="PASS">
        </test-method>
        <test-method signature="addManyEmployeesRepeatedIDTest(java.lang.String, java.lang.String, int, int, int, int)[pri:0, instance:Tests.POSTTest@5fd4f8f5]" started-at="2021-01-20T16:01:37Z" name="addManyEmployeesRepeatedIDTest" finished-at="2021-01-20T16:01:37Z" duration-ms="121" status="FAIL">
          <params>
            <param index="0">
              <value>
                <![CDATA[Data\PostData\post7.json]]>
              </value>
            </param>
            <param index="1">
              <value>
                <![CDATA[SUCCESS]]>
              </value>
            </param>
            <param index="2">
              <value>
                <![CDATA[6]]>
              </value>
            </param>
            <param index="3">
              <value>
                <![CDATA[50000]]>
              </value>
            </param>
            <param index="4">
              <value>
                <![CDATA[5000]]>
              </value>
            </param>
            <param index="5">
              <value>
                <![CDATA[90000]]>
              </value>
            </param>
          </params>
          <exception class="java.lang.AssertionError">
            <message>
              <![CDATA[expected:<50000> but was:<10000>]]>
            </message>
            <full-stacktrace>
              <![CDATA[java.lang.AssertionError: expected:<50000> but was:<10000>
	at org.testng.Assert.fail(Assert.java:89)
	at org.testng.Assert.failNotEquals(Assert.java:489)
	at org.testng.Assert.assertEquals(Assert.java:118)
	at org.testng.Assert.assertEquals(Assert.java:365)
	at org.testng.Assert.assertEquals(Assert.java:375)
	at Tests.POSTTest.addManyEmployeesRepeatedIDTest(POSTTest.java:41)
	at java.base/jdk.internal.reflect.NativeMethodAccessorImpl.invoke0(Native Method)
	at java.base/jdk.internal.reflect.NativeMethodAccessorImpl.invoke(NativeMethodAccessorImpl.java:64)
	at java.base/jdk.internal.reflect.DelegatingMethodAccessorImpl.invoke(DelegatingMethodAccessorImpl.java:43)
	at java.base/java.lang.reflect.Method.invoke(Method.java:564)
	at org.testng.internal.MethodInvocationHelper.invokeMethod(MethodInvocationHelper.java:80)
	at org.testng.internal.Invoker.invokeMethod(Invoker.java:691)
	at org.testng.internal.Invoker.invokeTestMethod(Invoker.java:883)
	at org.testng.internal.Invoker.invokeTestMethods(Invoker.java:1208)
	at org.testng.internal.TestMethodWorker.invokeTestMethods(TestMethodWorker.java:127)
	at org.testng.internal.TestMethodWorker.run(TestMethodWorker.java:111)
	at org.testng.TestRunner.privateRun(TestRunner.java:758)
	at org.testng.TestRunner.run(TestRunner.java:613)
	at org.testng.SuiteRunner.runTest(SuiteRunner.java:334)
	at org.testng.SuiteRunner.runSequentially(SuiteRunner.java:329)
	at org.testng.SuiteRunner.privateRun(SuiteRunner.java:291)
	at org.testng.SuiteRunner.run(SuiteRunner.java:240)
	at org.testng.SuiteRunnerWorker.runSuite(SuiteRunnerWorker.java:53)
	at org.testng.SuiteRunnerWorker.run(SuiteRunnerWorker.java:87)
	at org.testng.TestNG.runSuitesSequentially(TestNG.java:1137)
	at org.testng.TestNG.runSuitesLocally(TestNG.java:1062)
	at org.testng.TestNG.run(TestNG.java:974)
	at org.apache.maven.surefire.testng.TestNGExecutor.run(TestNGExecutor.java:178)
	at org.apache.maven.surefire.testng.TestNGXmlTestSuite.execute(TestNGXmlTestSuite.java:92)
	at org.apache.maven.surefire.testng.TestNGProvider.invoke(TestNGProvider.java:96)
	at java.base/jdk.internal.reflect.NativeMethodAccessorImpl.invoke0(Native Method)
	at java.base/jdk.internal.reflect.NativeMethodAccessorImpl.invoke(NativeMethodAccessorImpl.java:64)
	at java.base/jdk.internal.reflect.DelegatingMethodAccessorImpl.invoke(DelegatingMethodAccessorImpl.java:43)
	at java.base/java.lang.reflect.Method.invoke(Method.java:564)
	at org.apache.maven.surefire.util.ReflectionUtils.invokeMethodWithArray2(ReflectionUtils.java:208)
	at org.apache.maven.surefire.booter.ProviderFactory$ProviderProxy.invoke(ProviderFactory.java:159)
	at org.apache.maven.surefire.booter.ProviderFactory.invokeProvider(ProviderFactory.java:87)
	at org.apache.maven.surefire.booter.ForkedBooter.runSuitesInProcess(ForkedBooter.java:153)
	at org.apache.maven.surefire.booter.ForkedBooter.main(ForkedBooter.java:95)
]]>
            </full-stacktrace>
          </exception>
        </test-method>
        <test-method is-config="true" signature="setData()[pri:0, instance:Tests.POSTTest@5fd4f8f5]" started-at="2021-01-20T16:01:37Z" name="setData" finished-at="2021-01-20T16:01:37Z" duration-ms="101" status="PASS">
        </test-method>
        <test-method signature="addManyEmployeesRepeatedIDTest(java.lang.String, java.lang.String, int, int, int, int)[pri:0, instance:Tests.POSTTest@5fd4f8f5]" started-at="2021-01-20T16:01:37Z" name="addManyEmployeesRepeatedIDTest" finished-at="2021-01-20T16:01:37Z" duration-ms="123" status="PASS">
          <params>
            <param index="0">
              <value>
                <![CDATA[Data\PostData\post8.json]]>
              </value>
            </param>
            <param index="1">
              <value>
                <![CDATA[ERROR]]>
              </value>
            </param>
            <param index="2">
              <value>
                <![CDATA[3]]>
              </value>
            </param>
            <param index="3">
              <value>
                <![CDATA[10000]]>
              </value>
            </param>
            <param index="4">
              <value>
                <![CDATA[100]]>
              </value>
            </param>
            <param index="5">
              <value>
                <![CDATA[15100]]>
              </value>
            </param>
          </params>
        </test-method>
      </class>
    </test>
  </suite>
</testng-results>
