<?xml version="1.0" encoding="UTF-8"?>
<testsuite name="TestSuite" time="1.515" tests="12" errors="0" skipped="0" failures="1">
  <properties>
[...]
</properties>
  <testcase name="TestGETWithNumbersInrangeOfSalaries" classname="GETTest" time="0.148"/>
  <testcase name="TestGETWithNumbersOutrangeOfSalariesAbove" classname="GETTest" time="0.047"/>
  <testcase name="TestGETWithNumbersOutrangeOfSalariesLess" classname="GETTest" time="0.022"/>
  <testcase name="test1" classname="GETTest" time="0.031"/>
  <testcase name="validPostTest" classname="POSTTest" time="0.218"/>
  <testcase name="InvalidIdPostTest" classname="POSTTest" time="0.186"/>
  <testcase name="RepeatedIDPostTest" classname="POSTTest" time="0.165"/>
  <testcase name="InvalidNamePostTest" classname="POSTTest" time="0.078">
    <failure message="expected:&lt;ERROR&gt; but was:&lt;SUCCESS&gt;" type="java.lang.AssertionError"><![CDATA[java.lang.AssertionError: expected:<ERROR> but was:<SUCCESS>
	at org.testng.Assert.fail(Assert.java:89)
	at org.testng.Assert.failNotEquals(Assert.java:489)
	at org.testng.Assert.assertEquals(Assert.java:118)
	at org.testng.Assert.assertEquals(Assert.java:171)
	at org.testng.Assert.assertEquals(Assert.java:181)
	at POSTTest.InvalidNamePostTest(POSTTest.java:133)
]]></failure>
    <system-out>{"status" : "SUCCESS", "message" : "New employee is added successfully."}
</system-out>
  </testcase>
  <testcase name="testingDeleteWithID" classname="DeleteTest" time="0.224"/>
  <testcase name="testingDeleteAll" classname="DeleteTest" time="0.122"/>
  <testcase name="testingDeleteAllEmpty" classname="DeleteTest" time="0.14"/>
  <testcase name="testingDeleteWithdoesntExistID" classname="DeleteTest" time="0.134"/>
</testsuite>