<?xml version="1.0" encoding="UTF-8"?>
<testng-results total="18" passed="13" failed="5" skipped="0">
  <reporter-output>
  </reporter-output>
  <suite started-at="2021-01-21T10:00:09Z" name="Suite1" finished-at="2021-01-21T10:00:27Z" duration-ms="17584">
    <groups>
    </groups>
    <test started-at="2021-01-21T10:00:22Z" name="REST API PUT Test" finished-at="2021-01-21T10:00:27Z" duration-ms="5104">
      <class name="TestClasses.PUTTest">
        <test-method is-config="true" signature="clearChanges()[pri:0, instance:TestClasses.PUTTest@be35cd9]" started-at="2021-01-21T10:00:22Z" name="clearChanges" finished-at="2021-01-21T10:00:22Z" duration-ms="422" status="PASS">
        </test-method>
        <test-method signature="putTest(java.lang.String, java.lang.String, java.lang.String, java.lang.String)[pri:0, instance:TestClasses.PUTTest@be35cd9]" started-at="2021-01-21T10:00:22Z" name="putTest" finished-at="2021-01-21T10:00:23Z" duration-ms="391" status="FAIL">
          <params>
            <param index="0">
              <value>
                <![CDATA[438768422146]]>
              </value>
            </param>
            <param index="1">
              <value>
                <![CDATA[Data\PutData\put1.json]]>
              </value>
            </param>
            <param index="2">
              <value>
                <![CDATA[Data\PutData\put1Result.json]]>
              </value>
            </param>
            <param index="3">
              <value>
                <![CDATA[SUCCESS]]>
              </value>
            </param>
          </params>
          <exception class="java.lang.AssertionError">
            <message>
              <![CDATA[items[firstName=Pascsssal].id
Expected: 438745745094
     got: 438768422146
 ; items[firstName=Pascsssal].salary
Expected: 100005
     got: 50002
 ; items[firstName=John]
Expected: a JSON object
     but none found
 ; items[firstName=Blaise]
Unexpected: a JSON object
 ; maxSalary
Expected: 100005
     got: 50002
 ; minSalary
Expected: 5000
     got: 10000
 ; totalSalaries
Expected: 105005
     got: 60002
]]>
            </message>
            <full-stacktrace>
              <![CDATA[java.lang.AssertionError: items[firstName=Pascsssal].id
Expected: 438745745094
     got: 438768422146
 ; items[firstName=Pascsssal].salary
Expected: 100005
     got: 50002
 ; items[firstName=John]
Expected: a JSON object
     but none found
 ; items[firstName=Blaise]
Unexpected: a JSON object
 ; maxSalary
Expected: 100005
     got: 50002
 ; minSalary
Expected: 5000
     got: 10000
 ; totalSalaries
Expected: 105005
     got: 60002

	at org.skyscreamer.jsonassert.JSONAssert.assertEquals(JSONAssert.java:417)
	at org.skyscreamer.jsonassert.JSONAssert.assertEquals(JSONAssert.java:394)
	at org.skyscreamer.jsonassert.JSONAssert.assertEquals(JSONAssert.java:336)
	at TestClasses.PUTTest.putTest(PUTTest.java:29)
	at java.base/jdk.internal.reflect.NativeMethodAccessorImpl.invoke0(Native Method)
	at java.base/jdk.internal.reflect.NativeMethodAccessorImpl.invoke(NativeMethodAccessorImpl.java:64)
	at java.base/jdk.internal.reflect.DelegatingMethodAccessorImpl.invoke(DelegatingMethodAccessorImpl.java:43)
	at java.base/java.lang.reflect.Method.invoke(Method.java:564)
	at org.testng.internal.MethodInvocationHelper.invokeMethod(MethodInvocationHelper.java:80)
	at org.testng.internal.Invoker.invokeMethod(Invoker.java:691)
	at org.testng.internal.Invoker.invokeTestMethod(Invoker.java:883)
	at org.testng.internal.Invoker.invokeTestMethods(Invoker.java:1208)
	at org.testng.internal.TestMethodWorker.invokeTestMethods(TestMethodWorker.java:127)
	at org.testng.internal.TestMethodWorker.run(TestMethodWorker.java:111)
	at org.testng.TestRunner.privateRun(TestRunner.java:758)
	at org.testng.TestRunner.run(TestRunner.java:613)
	at org.testng.SuiteRunner.runTest(SuiteRunner.java:334)
	at org.testng.SuiteRunner.runSequentially(SuiteRunner.java:329)
	at org.testng.SuiteRunner.privateRun(SuiteRunner.java:291)
	at org.testng.SuiteRunner.run(SuiteRunner.java:240)
	at org.testng.SuiteRunnerWorker.runSuite(SuiteRunnerWorker.java:53)
	at org.testng.SuiteRunnerWorker.run(SuiteRunnerWorker.java:87)
	at org.testng.TestNG.runSuitesSequentially(TestNG.java:1137)
	at org.testng.TestNG.runSuitesLocally(TestNG.java:1062)
	at org.testng.TestNG.run(TestNG.java:974)
	at org.apache.maven.surefire.testng.TestNGExecutor.run(TestNGExecutor.java:178)
	at org.apache.maven.surefire.testng.TestNGXmlTestSuite.execute(TestNGXmlTestSuite.java:92)
	at org.apache.maven.surefire.testng.TestNGProvider.invoke(TestNGProvider.java:96)
	at java.base/jdk.internal.reflect.NativeMethodAccessorImpl.invoke0(Native Method)
	at java.base/jdk.internal.reflect.NativeMethodAccessorImpl.invoke(NativeMethodAccessorImpl.java:64)
	at java.base/jdk.internal.reflect.DelegatingMethodAccessorImpl.invoke(DelegatingMethodAccessorImpl.java:43)
	at java.base/java.lang.reflect.Method.invoke(Method.java:564)
	at org.apache.maven.surefire.util.ReflectionUtils.invokeMethodWithArray2(ReflectionUtils.java:208)
	at org.apache.maven.surefire.booter.ProviderFactory$ProviderProxy.invoke(ProviderFactory.java:159)
	at org.apache.maven.surefire.booter.ProviderFactory.invokeProvider(ProviderFactory.java:87)
	at org.apache.maven.surefire.booter.ForkedBooter.runSuitesInProcess(ForkedBooter.java:153)
	at org.apache.maven.surefire.booter.ForkedBooter.main(ForkedBooter.java:95)
]]>
            </full-stacktrace>
          </exception>
        </test-method>
        <test-method is-config="true" signature="clearChanges()[pri:0, instance:TestClasses.PUTTest@be35cd9]" started-at="2021-01-21T10:00:23Z" name="clearChanges" finished-at="2021-01-21T10:00:24Z" duration-ms="1375" status="PASS">
        </test-method>
        <test-method signature="putTest(java.lang.String, java.lang.String, java.lang.String, java.lang.String)[pri:0, instance:TestClasses.PUTTest@be35cd9]" started-at="2021-01-21T10:00:24Z" name="putTest" finished-at="2021-01-21T10:00:24Z" duration-ms="390" status="FAIL">
          <params>
            <param index="0">
              <value>
                <![CDATA[438768422146]]>
              </value>
            </param>
            <param index="1">
              <value>
                <![CDATA[Data\PutData\put2.json]]>
              </value>
            </param>
            <param index="2">
              <value>
                <![CDATA[Data\PutData\put2Result.json]]>
              </value>
            </param>
            <param index="3">
              <value>
                <![CDATA[SUCCESS]]>
              </value>
            </param>
          </params>
          <exception class="java.lang.AssertionError">
            <message>
              <![CDATA[items[firstName=Test].salary
Expected: 500
     got: 250
 ; minSalary
Expected: 500
     got: 250
]]>
            </message>
            <full-stacktrace>
              <![CDATA[java.lang.AssertionError: items[firstName=Test].salary
Expected: 500
     got: 250
 ; minSalary
Expected: 500
     got: 250

	at org.skyscreamer.jsonassert.JSONAssert.assertEquals(JSONAssert.java:417)
	at org.skyscreamer.jsonassert.JSONAssert.assertEquals(JSONAssert.java:394)
	at org.skyscreamer.jsonassert.JSONAssert.assertEquals(JSONAssert.java:336)
	at TestClasses.PUTTest.putTest(PUTTest.java:29)
	at java.base/jdk.internal.reflect.NativeMethodAccessorImpl.invoke0(Native Method)
	at java.base/jdk.internal.reflect.NativeMethodAccessorImpl.invoke(NativeMethodAccessorImpl.java:64)
	at java.base/jdk.internal.reflect.DelegatingMethodAccessorImpl.invoke(DelegatingMethodAccessorImpl.java:43)
	at java.base/java.lang.reflect.Method.invoke(Method.java:564)
	at org.testng.internal.MethodInvocationHelper.invokeMethod(MethodInvocationHelper.java:80)
	at org.testng.internal.Invoker.invokeMethod(Invoker.java:691)
	at org.testng.internal.Invoker.invokeTestMethod(Invoker.java:883)
	at org.testng.internal.Invoker.invokeTestMethods(Invoker.java:1208)
	at org.testng.internal.TestMethodWorker.invokeTestMethods(TestMethodWorker.java:127)
	at org.testng.internal.TestMethodWorker.run(TestMethodWorker.java:111)
	at org.testng.TestRunner.privateRun(TestRunner.java:758)
	at org.testng.TestRunner.run(TestRunner.java:613)
	at org.testng.SuiteRunner.runTest(SuiteRunner.java:334)
	at org.testng.SuiteRunner.runSequentially(SuiteRunner.java:329)
	at org.testng.SuiteRunner.privateRun(SuiteRunner.java:291)
	at org.testng.SuiteRunner.run(SuiteRunner.java:240)
	at org.testng.SuiteRunnerWorker.runSuite(SuiteRunnerWorker.java:53)
	at org.testng.SuiteRunnerWorker.run(SuiteRunnerWorker.java:87)
	at org.testng.TestNG.runSuitesSequentially(TestNG.java:1137)
	at org.testng.TestNG.runSuitesLocally(TestNG.java:1062)
	at org.testng.TestNG.run(TestNG.java:974)
	at org.apache.maven.surefire.testng.TestNGExecutor.run(TestNGExecutor.java:178)
	at org.apache.maven.surefire.testng.TestNGXmlTestSuite.execute(TestNGXmlTestSuite.java:92)
	at org.apache.maven.surefire.testng.TestNGProvider.invoke(TestNGProvider.java:96)
	at java.base/jdk.internal.reflect.NativeMethodAccessorImpl.invoke0(Native Method)
	at java.base/jdk.internal.reflect.NativeMethodAccessorImpl.invoke(NativeMethodAccessorImpl.java:64)
	at java.base/jdk.internal.reflect.DelegatingMethodAccessorImpl.invoke(DelegatingMethodAccessorImpl.java:43)
	at java.base/java.lang.reflect.Method.invoke(Method.java:564)
	at org.apache.maven.surefire.util.ReflectionUtils.invokeMethodWithArray2(ReflectionUtils.java:208)
	at org.apache.maven.surefire.booter.ProviderFactory$ProviderProxy.invoke(ProviderFactory.java:159)
	at org.apache.maven.surefire.booter.ProviderFactory.invokeProvider(ProviderFactory.java:87)
	at org.apache.maven.surefire.booter.ForkedBooter.runSuitesInProcess(ForkedBooter.java:153)
	at org.apache.maven.surefire.booter.ForkedBooter.main(ForkedBooter.java:95)
]]>
            </full-stacktrace>
          </exception>
        </test-method>
        <test-method is-config="true" signature="clearChanges()[pri:0, instance:TestClasses.PUTTest@be35cd9]" started-at="2021-01-21T10:00:24Z" name="clearChanges" finished-at="2021-01-21T10:00:25Z" duration-ms="837" status="PASS">
        </test-method>
        <test-method signature="putTest(java.lang.String, java.lang.String, java.lang.String, java.lang.String)[pri:0, instance:TestClasses.PUTTest@be35cd9]" started-at="2021-01-21T10:00:25Z" name="putTest" finished-at="2021-01-21T10:00:27Z" duration-ms="1688" status="PASS">
          <params>
            <param index="0">
              <value>
                <![CDATA[438745745094]]>
              </value>
            </param>
            <param index="1">
              <value>
                <![CDATA[Data\PutData\put3.json]]>
              </value>
            </param>
            <param index="2">
              <value>
                <![CDATA[Data\PutData\put3Result.json]]>
              </value>
            </param>
            <param index="3">
              <value>
                <![CDATA[SUCCESS]]>
              </value>
            </param>
          </params>
        </test-method>
      </class>
    </test>
    <test started-at="2021-01-21T10:00:09Z" name="REST API GET Test" finished-at="2021-01-21T10:00:12Z" duration-ms="2500">
      <class name="TestClasses.GETTest">
        <test-method is-config="true" signature="clearChanges()[pri:0, instance:TestClasses.GETTest@73ee04c8]" started-at="2021-01-21T10:00:09Z" name="clearChanges" finished-at="2021-01-21T10:00:10Z" duration-ms="388" status="PASS">
        </test-method>
        <test-method signature="TestGETWithNumbersOutrangeOfSalariesAbove(int, int, int, java.lang.String)[pri:0, instance:TestClasses.GETTest@73ee04c8]" started-at="2021-01-21T10:00:10Z" name="TestGETWithNumbersOutrangeOfSalariesAbove" finished-at="2021-01-21T10:00:10Z" duration-ms="210" status="PASS">
          <params>
            <param index="0">
              <value>
                <![CDATA[100]]>
              </value>
            </param>
            <param index="1">
              <value>
                <![CDATA[200]]>
              </value>
            </param>
            <param index="2">
              <value>
                <![CDATA[0]]>
              </value>
            </param>
            <param index="3">
              <value>
                <![CDATA[Data\GetData\GETData3.json]]>
              </value>
            </param>
          </params>
        </test-method>
        <test-method is-config="true" signature="clearChanges()[pri:0, instance:TestClasses.GETTest@73ee04c8]" started-at="2021-01-21T10:00:10Z" name="clearChanges" finished-at="2021-01-21T10:00:10Z" duration-ms="373" status="PASS">
        </test-method>
        <test-method signature="TestGETWithNumbersOutrangeOfSalariesAbove(int, int, int, java.lang.String)[pri:0, instance:TestClasses.GETTest@73ee04c8]" started-at="2021-01-21T10:00:10Z" name="TestGETWithNumbersOutrangeOfSalariesAbove" finished-at="2021-01-21T10:00:10Z" duration-ms="177" status="PASS">
          <params>
            <param index="0">
              <value>
                <![CDATA[90000]]>
              </value>
            </param>
            <param index="1">
              <value>
                <![CDATA[100000]]>
              </value>
            </param>
            <param index="2">
              <value>
                <![CDATA[0]]>
              </value>
            </param>
            <param index="3">
              <value>
                <![CDATA[Data\GetData\GETData3.json]]>
              </value>
            </param>
          </params>
        </test-method>
        <test-method is-config="true" signature="clearChanges()[pri:0, instance:TestClasses.GETTest@73ee04c8]" started-at="2021-01-21T10:00:10Z" name="clearChanges" finished-at="2021-01-21T10:00:11Z" duration-ms="368" status="PASS">
        </test-method>
        <test-method signature="TestGETWithNumbersOutrangeOfSalariesAbove(int, int, int, java.lang.String)[pri:0, instance:TestClasses.GETTest@73ee04c8]" started-at="2021-01-21T10:00:11Z" name="TestGETWithNumbersOutrangeOfSalariesAbove" finished-at="2021-01-21T10:00:11Z" duration-ms="186" status="PASS">
          <params>
            <param index="0">
              <value>
                <![CDATA[5000]]>
              </value>
            </param>
            <param index="1">
              <value>
                <![CDATA[10000]]>
              </value>
            </param>
            <param index="2">
              <value>
                <![CDATA[2]]>
              </value>
            </param>
            <param index="3">
              <value>
                <![CDATA[Data\GetData\GETData.json]]>
              </value>
            </param>
          </params>
        </test-method>
        <test-method is-config="true" signature="clearChanges()[pri:0, instance:TestClasses.GETTest@73ee04c8]" started-at="2021-01-21T10:00:11Z" name="clearChanges" finished-at="2021-01-21T10:00:11Z" duration-ms="360" status="PASS">
        </test-method>
        <test-method signature="getTest()[pri:0, instance:TestClasses.GETTest@73ee04c8]" started-at="2021-01-21T10:00:11Z" name="getTest" finished-at="2021-01-21T10:00:12Z" duration-ms="428" status="PASS">
        </test-method>
      </class>
    </test>
    <test started-at="2021-01-21T10:00:12Z" name="REST API DELETE Test" finished-at="2021-01-21T10:00:16Z" duration-ms="4629">
      <class name="TestClasses.DeleteTest">
        <test-method is-config="true" signature="clearChanges()[pri:0, instance:TestClasses.DeleteTest@5fd4f8f5]" started-at="2021-01-21T10:00:12Z" name="clearChanges" finished-at="2021-01-21T10:00:12Z" duration-ms="408" status="PASS">
        </test-method>
        <test-method signature="deleteTest(java.lang.String, java.lang.String, int)[pri:0, instance:TestClasses.DeleteTest@5fd4f8f5]" started-at="2021-01-21T10:00:12Z" name="deleteTest" finished-at="2021-01-21T10:00:13Z" duration-ms="823" status="PASS">
          <params>
            <param index="0">
              <value>
                <![CDATA[438745745094]]>
              </value>
            </param>
            <param index="1">
              <value>
                <![CDATA[SUCCESS]]>
              </value>
            </param>
            <param index="2">
              <value>
                <![CDATA[1]]>
              </value>
            </param>
          </params>
        </test-method>
        <test-method is-config="true" signature="clearChanges()[pri:0, instance:TestClasses.DeleteTest@5fd4f8f5]" started-at="2021-01-21T10:00:13Z" name="clearChanges" finished-at="2021-01-21T10:00:13Z" duration-ms="361" status="PASS">
        </test-method>
        <test-method signature="deleteTest(java.lang.String, java.lang.String, int)[pri:0, instance:TestClasses.DeleteTest@5fd4f8f5]" started-at="2021-01-21T10:00:13Z" name="deleteTest" finished-at="2021-01-21T10:00:14Z" duration-ms="778" status="PASS">
          <params>
            <param index="0">
              <value>
                <![CDATA[]]>
              </value>
            </param>
            <param index="1">
              <value>
                <![CDATA[SUCCESS]]>
              </value>
            </param>
            <param index="2">
              <value>
                <![CDATA[0]]>
              </value>
            </param>
          </params>
        </test-method>
        <test-method is-config="true" signature="clearChanges()[pri:0, instance:TestClasses.DeleteTest@5fd4f8f5]" started-at="2021-01-21T10:00:14Z" name="clearChanges" finished-at="2021-01-21T10:00:15Z" duration-ms="352" status="PASS">
        </test-method>
        <test-method signature="deleteTest(java.lang.String, java.lang.String, int)[pri:0, instance:TestClasses.DeleteTest@5fd4f8f5]" started-at="2021-01-21T10:00:15Z" name="deleteTest" finished-at="2021-01-21T10:00:15Z" duration-ms="688" status="PASS">
          <params>
            <param index="0">
              <value>
                <![CDATA[438745745094]]>
              </value>
            </param>
            <param index="1">
              <value>
                <![CDATA[SUCCESS]]>
              </value>
            </param>
            <param index="2">
              <value>
                <![CDATA[1]]>
              </value>
            </param>
          </params>
        </test-method>
        <test-method is-config="true" signature="clearChanges()[pri:0, instance:TestClasses.DeleteTest@5fd4f8f5]" started-at="2021-01-21T10:00:15Z" name="clearChanges" finished-at="2021-01-21T10:00:16Z" duration-ms="371" status="PASS">
        </test-method>
        <test-method signature="deleteTest(java.lang.String, java.lang.String, int)[pri:0, instance:TestClasses.DeleteTest@5fd4f8f5]" started-at="2021-01-21T10:00:16Z" name="deleteTest" finished-at="2021-01-21T10:00:16Z" duration-ms="847" status="PASS">
          <params>
            <param index="0">
              <value>
                <![CDATA[438]]>
              </value>
            </param>
            <param index="1">
              <value>
                <![CDATA[ERROR]]>
              </value>
            </param>
            <param index="2">
              <value>
                <![CDATA[2]]>
              </value>
            </param>
          </params>
        </test-method>
      </class>
    </test>
    <test started-at="2021-01-21T10:00:16Z" name="REST API POST Test" finished-at="2021-01-21T10:00:22Z" duration-ms="5310">
      <class name="TestClasses.POSTTest">
        <test-method is-config="true" signature="clearChanges()[pri:0, instance:TestClasses.POSTTest@2bfc268b]" started-at="2021-01-21T10:00:16Z" name="clearChanges" finished-at="2021-01-21T10:00:17Z" duration-ms="416" status="PASS">
        </test-method>
        <test-method signature="postTest(java.lang.String, java.lang.String, int, int, int, int)[pri:0, instance:TestClasses.POSTTest@2bfc268b]" started-at="2021-01-21T10:00:17Z" name="postTest" finished-at="2021-01-21T10:00:17Z" duration-ms="375" status="PASS">
          <params>
            <param index="0">
              <value>
                <![CDATA[Data\PostData\Post1.json]]>
              </value>
            </param>
            <param index="1">
              <value>
                <![CDATA[SUCCESS]]>
              </value>
            </param>
            <param index="2">
              <value>
                <![CDATA[3]]>
              </value>
            </param>
            <param index="3">
              <value>
                <![CDATA[35000]]>
              </value>
            </param>
            <param index="4">
              <value>
                <![CDATA[5000]]>
              </value>
            </param>
            <param index="5">
              <value>
                <![CDATA[50000]]>
              </value>
            </param>
          </params>
        </test-method>
        <test-method is-config="true" signature="clearChanges()[pri:0, instance:TestClasses.POSTTest@2bfc268b]" started-at="2021-01-21T10:00:17Z" name="clearChanges" finished-at="2021-01-21T10:00:18Z" duration-ms="411" status="PASS">
        </test-method>
        <test-method signature="postTest(java.lang.String, java.lang.String, int, int, int, int)[pri:0, instance:TestClasses.POSTTest@2bfc268b]" started-at="2021-01-21T10:00:18Z" name="postTest" finished-at="2021-01-21T10:00:18Z" duration-ms="465" status="PASS">
          <params>
            <param index="0">
              <value>
                <![CDATA[Data\PostData\post3.json]]>
              </value>
            </param>
            <param index="1">
              <value>
                <![CDATA[ERROR]]>
              </value>
            </param>
            <param index="2">
              <value>
                <![CDATA[2]]>
              </value>
            </param>
            <param index="3">
              <value>
                <![CDATA[10000]]>
              </value>
            </param>
            <param index="4">
              <value>
                <![CDATA[5000]]>
              </value>
            </param>
            <param index="5">
              <value>
                <![CDATA[15000]]>
              </value>
            </param>
          </params>
        </test-method>
        <test-method is-config="true" signature="clearChanges()[pri:0, instance:TestClasses.POSTTest@2bfc268b]" started-at="2021-01-21T10:00:18Z" name="clearChanges" finished-at="2021-01-21T10:00:19Z" duration-ms="420" status="PASS">
        </test-method>
        <test-method signature="postTest(java.lang.String, java.lang.String, int, int, int, int)[pri:0, instance:TestClasses.POSTTest@2bfc268b]" started-at="2021-01-21T10:00:19Z" name="postTest" finished-at="2021-01-21T10:00:19Z" duration-ms="391" status="PASS">
          <params>
            <param index="0">
              <value>
                <![CDATA[Data\PostData\POST4.json]]>
              </value>
            </param>
            <param index="1">
              <value>
                <![CDATA[ERROR]]>
              </value>
            </param>
            <param index="2">
              <value>
                <![CDATA[2]]>
              </value>
            </param>
            <param index="3">
              <value>
                <![CDATA[10000]]>
              </value>
            </param>
            <param index="4">
              <value>
                <![CDATA[5000]]>
              </value>
            </param>
            <param index="5">
              <value>
                <![CDATA[15000]]>
              </value>
            </param>
          </params>
        </test-method>
        <test-method is-config="true" signature="clearChanges()[pri:0, instance:TestClasses.POSTTest@2bfc268b]" started-at="2021-01-21T10:00:19Z" name="clearChanges" finished-at="2021-01-21T10:00:19Z" duration-ms="415" status="PASS">
        </test-method>
        <test-method signature="postTest(java.lang.String, java.lang.String, int, int, int, int)[pri:0, instance:TestClasses.POSTTest@2bfc268b]" started-at="2021-01-21T10:00:19Z" name="postTest" finished-at="2021-01-21T10:00:20Z" duration-ms="230" status="FAIL">
          <params>
            <param index="0">
              <value>
                <![CDATA[Data\PostData\Post6.json]]>
              </value>
            </param>
            <param index="1">
              <value>
                <![CDATA[ERROR]]>
              </value>
            </param>
            <param index="2">
              <value>
                <![CDATA[2]]>
              </value>
            </param>
            <param index="3">
              <value>
                <![CDATA[10000]]>
              </value>
            </param>
            <param index="4">
              <value>
                <![CDATA[5000]]>
              </value>
            </param>
            <param index="5">
              <value>
                <![CDATA[15000]]>
              </value>
            </param>
          </params>
          <exception class="java.lang.AssertionError">
            <message>
              <![CDATA[expected:<ERROR> but was:<SUCCESS>]]>
            </message>
            <full-stacktrace>
              <![CDATA[java.lang.AssertionError: expected:<ERROR> but was:<SUCCESS>
	at org.testng.Assert.fail(Assert.java:89)
	at org.testng.Assert.failNotEquals(Assert.java:489)
	at org.testng.Assert.assertEquals(Assert.java:118)
	at org.testng.Assert.assertEquals(Assert.java:171)
	at org.testng.Assert.assertEquals(Assert.java:181)
	at TestClasses.POSTTest.postTest(POSTTest.java:32)
	at java.base/jdk.internal.reflect.NativeMethodAccessorImpl.invoke0(Native Method)
	at java.base/jdk.internal.reflect.NativeMethodAccessorImpl.invoke(NativeMethodAccessorImpl.java:64)
	at java.base/jdk.internal.reflect.DelegatingMethodAccessorImpl.invoke(DelegatingMethodAccessorImpl.java:43)
	at java.base/java.lang.reflect.Method.invoke(Method.java:564)
	at org.testng.internal.MethodInvocationHelper.invokeMethod(MethodInvocationHelper.java:80)
	at org.testng.internal.Invoker.invokeMethod(Invoker.java:691)
	at org.testng.internal.Invoker.invokeTestMethod(Invoker.java:883)
	at org.testng.internal.Invoker.invokeTestMethods(Invoker.java:1208)
	at org.testng.internal.TestMethodWorker.invokeTestMethods(TestMethodWorker.java:127)
	at org.testng.internal.TestMethodWorker.run(TestMethodWorker.java:111)
	at org.testng.TestRunner.privateRun(TestRunner.java:758)
	at org.testng.TestRunner.run(TestRunner.java:613)
	at org.testng.SuiteRunner.runTest(SuiteRunner.java:334)
	at org.testng.SuiteRunner.runSequentially(SuiteRunner.java:329)
	at org.testng.SuiteRunner.privateRun(SuiteRunner.java:291)
	at org.testng.SuiteRunner.run(SuiteRunner.java:240)
	at org.testng.SuiteRunnerWorker.runSuite(SuiteRunnerWorker.java:53)
	at org.testng.SuiteRunnerWorker.run(SuiteRunnerWorker.java:87)
	at org.testng.TestNG.runSuitesSequentially(TestNG.java:1137)
	at org.testng.TestNG.runSuitesLocally(TestNG.java:1062)
	at org.testng.TestNG.run(TestNG.java:974)
	at org.apache.maven.surefire.testng.TestNGExecutor.run(TestNGExecutor.java:178)
	at org.apache.maven.surefire.testng.TestNGXmlTestSuite.execute(TestNGXmlTestSuite.java:92)
	at org.apache.maven.surefire.testng.TestNGProvider.invoke(TestNGProvider.java:96)
	at java.base/jdk.internal.reflect.NativeMethodAccessorImpl.invoke0(Native Method)
	at java.base/jdk.internal.reflect.NativeMethodAccessorImpl.invoke(NativeMethodAccessorImpl.java:64)
	at java.base/jdk.internal.reflect.DelegatingMethodAccessorImpl.invoke(DelegatingMethodAccessorImpl.java:43)
	at java.base/java.lang.reflect.Method.invoke(Method.java:564)
	at org.apache.maven.surefire.util.ReflectionUtils.invokeMethodWithArray2(ReflectionUtils.java:208)
	at org.apache.maven.surefire.booter.ProviderFactory$ProviderProxy.invoke(ProviderFactory.java:159)
	at org.apache.maven.surefire.booter.ProviderFactory.invokeProvider(ProviderFactory.java:87)
	at org.apache.maven.surefire.booter.ForkedBooter.runSuitesInProcess(ForkedBooter.java:153)
	at org.apache.maven.surefire.booter.ForkedBooter.main(ForkedBooter.java:95)
]]>
            </full-stacktrace>
          </exception>
        </test-method>
        <test-method is-config="true" signature="clearChanges()[pri:0, instance:TestClasses.POSTTest@2bfc268b]" started-at="2021-01-21T10:00:20Z" name="clearChanges" finished-at="2021-01-21T10:00:20Z" duration-ms="428" status="PASS">
        </test-method>
        <test-method signature="postTest(java.lang.String, java.lang.String, int, int, int, int)[pri:0, instance:TestClasses.POSTTest@2bfc268b]" started-at="2021-01-21T10:00:20Z" name="postTest" finished-at="2021-01-21T10:00:20Z" duration-ms="186" status="FAIL">
          <params>
            <param index="0">
              <value>
                <![CDATA[Data\PostData\POST5.json]]>
              </value>
            </param>
            <param index="1">
              <value>
                <![CDATA[ERROR]]>
              </value>
            </param>
            <param index="2">
              <value>
                <![CDATA[2]]>
              </value>
            </param>
            <param index="3">
              <value>
                <![CDATA[10000]]>
              </value>
            </param>
            <param index="4">
              <value>
                <![CDATA[5000]]>
              </value>
            </param>
            <param index="5">
              <value>
                <![CDATA[15000]]>
              </value>
            </param>
          </params>
          <exception class="java.lang.AssertionError">
            <message>
              <![CDATA[expected:<ERROR> but was:<SUCCESS>]]>
            </message>
            <full-stacktrace>
              <![CDATA[java.lang.AssertionError: expected:<ERROR> but was:<SUCCESS>
	at org.testng.Assert.fail(Assert.java:89)
	at org.testng.Assert.failNotEquals(Assert.java:489)
	at org.testng.Assert.assertEquals(Assert.java:118)
	at org.testng.Assert.assertEquals(Assert.java:171)
	at org.testng.Assert.assertEquals(Assert.java:181)
	at TestClasses.POSTTest.postTest(POSTTest.java:32)
	at java.base/jdk.internal.reflect.NativeMethodAccessorImpl.invoke0(Native Method)
	at java.base/jdk.internal.reflect.NativeMethodAccessorImpl.invoke(NativeMethodAccessorImpl.java:64)
	at java.base/jdk.internal.reflect.DelegatingMethodAccessorImpl.invoke(DelegatingMethodAccessorImpl.java:43)
	at java.base/java.lang.reflect.Method.invoke(Method.java:564)
	at org.testng.internal.MethodInvocationHelper.invokeMethod(MethodInvocationHelper.java:80)
	at org.testng.internal.Invoker.invokeMethod(Invoker.java:691)
	at org.testng.internal.Invoker.invokeTestMethod(Invoker.java:883)
	at org.testng.internal.Invoker.invokeTestMethods(Invoker.java:1208)
	at org.testng.internal.TestMethodWorker.invokeTestMethods(TestMethodWorker.java:127)
	at org.testng.internal.TestMethodWorker.run(TestMethodWorker.java:111)
	at org.testng.TestRunner.privateRun(TestRunner.java:758)
	at org.testng.TestRunner.run(TestRunner.java:613)
	at org.testng.SuiteRunner.runTest(SuiteRunner.java:334)
	at org.testng.SuiteRunner.runSequentially(SuiteRunner.java:329)
	at org.testng.SuiteRunner.privateRun(SuiteRunner.java:291)
	at org.testng.SuiteRunner.run(SuiteRunner.java:240)
	at org.testng.SuiteRunnerWorker.runSuite(SuiteRunnerWorker.java:53)
	at org.testng.SuiteRunnerWorker.run(SuiteRunnerWorker.java:87)
	at org.testng.TestNG.runSuitesSequentially(TestNG.java:1137)
	at org.testng.TestNG.runSuitesLocally(TestNG.java:1062)
	at org.testng.TestNG.run(TestNG.java:974)
	at org.apache.maven.surefire.testng.TestNGExecutor.run(TestNGExecutor.java:178)
	at org.apache.maven.surefire.testng.TestNGXmlTestSuite.execute(TestNGXmlTestSuite.java:92)
	at org.apache.maven.surefire.testng.TestNGProvider.invoke(TestNGProvider.java:96)
	at java.base/jdk.internal.reflect.NativeMethodAccessorImpl.invoke0(Native Method)
	at java.base/jdk.internal.reflect.NativeMethodAccessorImpl.invoke(NativeMethodAccessorImpl.java:64)
	at java.base/jdk.internal.reflect.DelegatingMethodAccessorImpl.invoke(DelegatingMethodAccessorImpl.java:43)
	at java.base/java.lang.reflect.Method.invoke(Method.java:564)
	at org.apache.maven.surefire.util.ReflectionUtils.invokeMethodWithArray2(ReflectionUtils.java:208)
	at org.apache.maven.surefire.booter.ProviderFactory$ProviderProxy.invoke(ProviderFactory.java:159)
	at org.apache.maven.surefire.booter.ProviderFactory.invokeProvider(ProviderFactory.java:87)
	at org.apache.maven.surefire.booter.ForkedBooter.runSuitesInProcess(ForkedBooter.java:153)
	at org.apache.maven.surefire.booter.ForkedBooter.main(ForkedBooter.java:95)
]]>
            </full-stacktrace>
          </exception>
        </test-method>
        <test-method is-config="true" signature="clearChanges()[pri:0, instance:TestClasses.POSTTest@2bfc268b]" started-at="2021-01-21T10:00:20Z" name="clearChanges" finished-at="2021-01-21T10:00:21Z" duration-ms="374" status="PASS">
        </test-method>
        <test-method signature="postTest(java.lang.String, java.lang.String, int, int, int, int)[pri:0, instance:TestClasses.POSTTest@2bfc268b]" started-at="2021-01-21T10:00:21Z" name="postTest" finished-at="2021-01-21T10:00:21Z" duration-ms="405" status="FAIL">
          <params>
            <param index="0">
              <value>
                <![CDATA[Data\PostData\post7.json]]>
              </value>
            </param>
            <param index="1">
              <value>
                <![CDATA[SUCCESS]]>
              </value>
            </param>
            <param index="2">
              <value>
                <![CDATA[6]]>
              </value>
            </param>
            <param index="3">
              <value>
                <![CDATA[50000]]>
              </value>
            </param>
            <param index="4">
              <value>
                <![CDATA[5000]]>
              </value>
            </param>
            <param index="5">
              <value>
                <![CDATA[90000]]>
              </value>
            </param>
          </params>
          <exception class="java.lang.AssertionError">
            <message>
              <![CDATA[expected:<50000> but was:<10000>]]>
            </message>
            <full-stacktrace>
              <![CDATA[java.lang.AssertionError: expected:<50000> but was:<10000>
	at org.testng.Assert.fail(Assert.java:89)
	at org.testng.Assert.failNotEquals(Assert.java:489)
	at org.testng.Assert.assertEquals(Assert.java:118)
	at org.testng.Assert.assertEquals(Assert.java:365)
	at org.testng.Assert.assertEquals(Assert.java:375)
	at TestClasses.POSTTest.postTest(POSTTest.java:36)
	at java.base/jdk.internal.reflect.NativeMethodAccessorImpl.invoke0(Native Method)
	at java.base/jdk.internal.reflect.NativeMethodAccessorImpl.invoke(NativeMethodAccessorImpl.java:64)
	at java.base/jdk.internal.reflect.DelegatingMethodAccessorImpl.invoke(DelegatingMethodAccessorImpl.java:43)
	at java.base/java.lang.reflect.Method.invoke(Method.java:564)
	at org.testng.internal.MethodInvocationHelper.invokeMethod(MethodInvocationHelper.java:80)
	at org.testng.internal.Invoker.invokeMethod(Invoker.java:691)
	at org.testng.internal.Invoker.invokeTestMethod(Invoker.java:883)
	at org.testng.internal.Invoker.invokeTestMethods(Invoker.java:1208)
	at org.testng.internal.TestMethodWorker.invokeTestMethods(TestMethodWorker.java:127)
	at org.testng.internal.TestMethodWorker.run(TestMethodWorker.java:111)
	at org.testng.TestRunner.privateRun(TestRunner.java:758)
	at org.testng.TestRunner.run(TestRunner.java:613)
	at org.testng.SuiteRunner.runTest(SuiteRunner.java:334)
	at org.testng.SuiteRunner.runSequentially(SuiteRunner.java:329)
	at org.testng.SuiteRunner.privateRun(SuiteRunner.java:291)
	at org.testng.SuiteRunner.run(SuiteRunner.java:240)
	at org.testng.SuiteRunnerWorker.runSuite(SuiteRunnerWorker.java:53)
	at org.testng.SuiteRunnerWorker.run(SuiteRunnerWorker.java:87)
	at org.testng.TestNG.runSuitesSequentially(TestNG.java:1137)
	at org.testng.TestNG.runSuitesLocally(TestNG.java:1062)
	at org.testng.TestNG.run(TestNG.java:974)
	at org.apache.maven.surefire.testng.TestNGExecutor.run(TestNGExecutor.java:178)
	at org.apache.maven.surefire.testng.TestNGXmlTestSuite.execute(TestNGXmlTestSuite.java:92)
	at org.apache.maven.surefire.testng.TestNGProvider.invoke(TestNGProvider.java:96)
	at java.base/jdk.internal.reflect.NativeMethodAccessorImpl.invoke0(Native Method)
	at java.base/jdk.internal.reflect.NativeMethodAccessorImpl.invoke(NativeMethodAccessorImpl.java:64)
	at java.base/jdk.internal.reflect.DelegatingMethodAccessorImpl.invoke(DelegatingMethodAccessorImpl.java:43)
	at java.base/java.lang.reflect.Method.invoke(Method.java:564)
	at org.apache.maven.surefire.util.ReflectionUtils.invokeMethodWithArray2(ReflectionUtils.java:208)
	at org.apache.maven.surefire.booter.ProviderFactory$ProviderProxy.invoke(ProviderFactory.java:159)
	at org.apache.maven.surefire.booter.ProviderFactory.invokeProvider(ProviderFactory.java:87)
	at org.apache.maven.surefire.booter.ForkedBooter.runSuitesInProcess(ForkedBooter.java:153)
	at org.apache.maven.surefire.booter.ForkedBooter.main(ForkedBooter.java:95)
]]>
            </full-stacktrace>
          </exception>
        </test-method>
        <test-method is-config="true" signature="clearChanges()[pri:0, instance:TestClasses.POSTTest@2bfc268b]" started-at="2021-01-21T10:00:21Z" name="clearChanges" finished-at="2021-01-21T10:00:21Z" duration-ms="387" status="PASS">
        </test-method>
        <test-method signature="postTest(java.lang.String, java.lang.String, int, int, int, int)[pri:0, instance:TestClasses.POSTTest@2bfc268b]" started-at="2021-01-21T10:00:21Z" name="postTest" finished-at="2021-01-21T10:00:22Z" duration-ms="403" status="PASS">
          <params>
            <param index="0">
              <value>
                <![CDATA[Data\PostData\post8.json]]>
              </value>
            </param>
            <param index="1">
              <value>
                <![CDATA[ERROR]]>
              </value>
            </param>
            <param index="2">
              <value>
                <![CDATA[3]]>
              </value>
            </param>
            <param index="3">
              <value>
                <![CDATA[10000]]>
              </value>
            </param>
            <param index="4">
              <value>
                <![CDATA[100]]>
              </value>
            </param>
            <param index="5">
              <value>
                <![CDATA[15100]]>
              </value>
            </param>
          </params>
        </test-method>
      </class>
    </test>
  </suite>
</testng-results>
