<?xml version="1.0" encoding="UTF-8"?>
<testsuite name="TestSuite" time="9.066" tests="18" errors="0" skipped="0" failures="5">
  <properties>
[...]
</properties>
  <testcase name="TestGETWithNumbersOutrangeOfSalariesAbove" classname="TestClasses.GETTest" time="0.209"/>
  <testcase name="TestGETWithNumbersOutrangeOfSalariesAbove" classname="TestClasses.GETTest" time="0.178"/>
  <testcase name="TestGETWithNumbersOutrangeOfSalariesAbove" classname="TestClasses.GETTest" time="0.186"/>
  <testcase name="getTest" classname="TestClasses.GETTest" time="0.428"/>
  <testcase name="deleteTest" classname="TestClasses.DeleteTest" time="0.823"/>
  <testcase name="deleteTest" classname="TestClasses.DeleteTest" time="0.778"/>
  <testcase name="deleteTest" classname="TestClasses.DeleteTest" time="0.688"/>
  <testcase name="deleteTest" classname="TestClasses.DeleteTest" time="0.846"/>
  <testcase name="postTest" classname="TestClasses.POSTTest" time="0.375"/>
  <testcase name="postTest" classname="TestClasses.POSTTest" time="0.465"/>
  <testcase name="postTest" classname="TestClasses.POSTTest" time="0.391"/>
  <testcase name="postTest" classname="TestClasses.POSTTest" time="0.234">
    <failure message="expected:&lt;ERROR&gt; but was:&lt;SUCCESS&gt;" type="java.lang.AssertionError"><![CDATA[java.lang.AssertionError: expected:<ERROR> but was:<SUCCESS>
	at org.testng.Assert.fail(Assert.java:89)
	at org.testng.Assert.failNotEquals(Assert.java:489)
	at org.testng.Assert.assertEquals(Assert.java:118)
	at org.testng.Assert.assertEquals(Assert.java:171)
	at org.testng.Assert.assertEquals(Assert.java:181)
	at TestClasses.POSTTest.postTest(POSTTest.java:32)
]]></failure>
    <system-out>{"status" : "SUCCESS", "message" : "All employees are deleted successfully."}
{"status" : "SUCCESS", "message" : "New employee is added successfully."}
{"status" : "SUCCESS", "message" : "New employee is added successfully."}
</system-out>
  </testcase>
  <testcase name="postTest" classname="TestClasses.POSTTest" time="0.187">
    <failure message="expected:&lt;ERROR&gt; but was:&lt;SUCCESS&gt;" type="java.lang.AssertionError"><![CDATA[java.lang.AssertionError: expected:<ERROR> but was:<SUCCESS>
	at org.testng.Assert.fail(Assert.java:89)
	at org.testng.Assert.failNotEquals(Assert.java:489)
	at org.testng.Assert.assertEquals(Assert.java:118)
	at org.testng.Assert.assertEquals(Assert.java:171)
	at org.testng.Assert.assertEquals(Assert.java:181)
	at TestClasses.POSTTest.postTest(POSTTest.java:32)
]]></failure>
    <system-out>{"status" : "SUCCESS", "message" : "All employees are deleted successfully."}
{"status" : "SUCCESS", "message" : "New employee is added successfully."}
{"status" : "SUCCESS", "message" : "New employee is added successfully."}
</system-out>
  </testcase>
  <testcase name="postTest" classname="TestClasses.POSTTest" time="0.406">
    <failure message="expected:&lt;50000&gt; but was:&lt;10000&gt;" type="java.lang.AssertionError"><![CDATA[java.lang.AssertionError: expected:<50000> but was:<10000>
	at org.testng.Assert.fail(Assert.java:89)
	at org.testng.Assert.failNotEquals(Assert.java:489)
	at org.testng.Assert.assertEquals(Assert.java:118)
	at org.testng.Assert.assertEquals(Assert.java:365)
	at org.testng.Assert.assertEquals(Assert.java:375)
	at TestClasses.POSTTest.postTest(POSTTest.java:36)
]]></failure>
    <system-out>{"status" : "SUCCESS", "message" : "All employees are deleted successfully."}
{"status" : "SUCCESS", "message" : "New employee is added successfully."}
{"status" : "SUCCESS", "message" : "New employee is added successfully."}
{  "maxSalary": 10000,  "totalSalaries": 90000,  "employeesCount": 6,  "minSalary": 5000,  "items": [    {      "firstName": "Imad",      "lastName": "Salama",      "id": "1",      "salary": 10000    },    {      "firstName": "John",      "lastName": "Smith",      "id": "2",      "salary": 5000    },    {      "firstName": "Blaise",      "lastName": "Pascal",      "id": "438745745094",      "salary": 10000    },    {      "firstName": "Blaise",      "lastName": "Pascal",      "id": "3",      "salary": 10000    },    {      "firstName": "Test",      "lastName": "Test",      "id": "4",      "salary": 50000    },    {      "firstName": "John",      "lastName": "Smith",      "id": "438768422146",      "salary": 5000    }  ]}
</system-out>
  </testcase>
  <testcase name="postTest" classname="TestClasses.POSTTest" time="0.403"/>
  <testcase name="putTest" classname="TestClasses.PUTTest" time="0.392">
    <failure message="items[firstName=Pascsssal].id&#10;Expected: 438745745094&#10;     got: 438768422146&#10; ; items[firstName=Pascsssal].salary&#10;Expected: 100005&#10;     got: 50002&#10; ; items[firstName=John]&#10;Expected: a JSON object&#10;     but none found&#10; ; items[firstName=Blaise]&#10;Unexpected: a JSON object&#10; ; maxSalary&#10;Expected: 100005&#10;     got: 50002&#10; ; minSalary&#10;Expected: 5000&#10;     got: 10000&#10; ; totalSalaries&#10;Expected: 105005&#10;     got: 60002&#10;" type="java.lang.AssertionError">java.lang.AssertionError: items[firstName=Pascsssal].id
Expected: 438745745094
     got: 438768422146
 ; items[firstName=Pascsssal].salary
Expected: 100005
     got: 50002
 ; items[firstName=John]
Expected: a JSON object
     but none found
 ; items[firstName=Blaise]
Unexpected: a JSON object
 ; maxSalary
Expected: 100005
     got: 50002
 ; minSalary
Expected: 5000
     got: 10000
 ; totalSalaries
Expected: 105005
     got: 60002

	at org.skyscreamer.jsonassert.JSONAssert.assertEquals(JSONAssert.java:417)
	at org.skyscreamer.jsonassert.JSONAssert.assertEquals(JSONAssert.java:394)
	at org.skyscreamer.jsonassert.JSONAssert.assertEquals(JSONAssert.java:336)
	at TestClasses.PUTTest.putTest(PUTTest.java:29)
</failure>
    <system-out>{"status" : "SUCCESS", "message" : "All employees are deleted successfully."}
{"status" : "SUCCESS", "message" : "New employee is added successfully."}
{"status" : "SUCCESS", "message" : "Employee with id 438768422146 is updated successfully."}
{  "maxSalary": 50002,  "totalSalaries": 60002,  "employeesCount": 2,  "minSalary": 10000,  "items": [    {      "firstName": "Blaise",      "lastName": "Pascal",      "id": "438745745094",      "salary": 10000    },    {      "firstName": "Pascsssal",      "lastName": "Blaisssse",      "id": "438768422146",      "salary": 50002    }  ]}
</system-out>
  </testcase>
  <testcase name="putTest" classname="TestClasses.PUTTest" time="0.389">
    <failure message="items[firstName=Test].salary&#10;Expected: 500&#10;     got: 250&#10; ; minSalary&#10;Expected: 500&#10;     got: 250&#10;" type="java.lang.AssertionError">java.lang.AssertionError: items[firstName=Test].salary
Expected: 500
     got: 250
 ; minSalary
Expected: 500
     got: 250

	at org.skyscreamer.jsonassert.JSONAssert.assertEquals(JSONAssert.java:417)
	at org.skyscreamer.jsonassert.JSONAssert.assertEquals(JSONAssert.java:394)
	at org.skyscreamer.jsonassert.JSONAssert.assertEquals(JSONAssert.java:336)
	at TestClasses.PUTTest.putTest(PUTTest.java:29)
</failure>
    <system-out>{"status" : "SUCCESS", "message" : "All employees are deleted successfully."}
{"status" : "SUCCESS", "message" : "New employee is added successfully."}
{"status" : "SUCCESS", "message" : "Employee with id 438768422146 is updated successfully."}
{  "maxSalary": 10000,  "totalSalaries": 10250,  "employeesCount": 2,  "minSalary": 250,  "items": [    {      "firstName": "Blaise",      "lastName": "Pascal",      "id": "438745745094",      "salary": 10000    },    {      "firstName": "Test",      "lastName": "Test",      "id": "438768422146",      "salary": 250    }  ]}
</system-out>
  </testcase>
  <testcase name="putTest" classname="TestClasses.PUTTest" time="1.688"/>
</testsuite>