<?xml version="1.0" encoding="UTF-8"?>
<testsuite name="TestSuite" time="1.566" tests="18" errors="0" skipped="0" failures="5">
  <properties>
[...]
</properties>
  <testcase name="TestGETWithNumbersInrangeOfSalaries" classname="GETTest" time="0.094"/>
  <testcase name="TestGETWithNumbersOutrangeOfSalariesAbove" classname="GETTest" time="0.053"/>
  <testcase name="TestGETWithNumbersOutrangeOfSalariesLess" classname="GETTest" time="0.046"/>
  <testcase name="test1" classname="GETTest" time="0.037"/>
  <testcase name="testingDeleteWithID" classname="DeleteTest" time="0.117"/>
  <testcase name="testingDeleteAll" classname="DeleteTest" time="0.1"/>
  <testcase name="testingDeleteAllEmpty" classname="DeleteTest" time="0.1"/>
  <testcase name="testingDeleteWithdoesntExistID" classname="DeleteTest" time="0.131"/>
  <testcase name="addManyEmployeesTest" classname="POSTTest" time="0.085">
    <failure message="expected:&lt;50000&gt; but was:&lt;10000&gt;" type="java.lang.AssertionError"><![CDATA[java.lang.AssertionError: expected:<50000> but was:<10000>
	at org.testng.Assert.fail(Assert.java:89)
	at org.testng.Assert.failNotEquals(Assert.java:489)
	at org.testng.Assert.assertEquals(Assert.java:118)
	at org.testng.Assert.assertEquals(Assert.java:365)
	at org.testng.Assert.assertEquals(Assert.java:375)
	at POSTTest.addManyEmployeesTest(POSTTest.java:210)
]]></failure>
    <system-out>{"status" : "SUCCESS", "message" : "All employees are deleted successfully."}
{"status" : "SUCCESS", "message" : "New employee is added successfully."}
{"status" : "SUCCESS", "message" : "All employees are deleted successfully."}
{"status" : "SUCCESS", "message" : "New employee is added successfully."}
</system-out>
  </testcase>
  <testcase name="validPostTest" classname="POSTTest" time="0.1"/>
  <testcase name="InvalidIdPostTest" classname="POSTTest" time="0.085"/>
  <testcase name="RepeatedIDPostTest" classname="POSTTest" time="0.099"/>
  <testcase name="InvalidIDPostTest" classname="POSTTest" time="0.039">
    <failure message="expected:&lt;ERROR&gt; but was:&lt;SUCCESS&gt;" type="java.lang.AssertionError"><![CDATA[java.lang.AssertionError: expected:<ERROR> but was:<SUCCESS>
	at org.testng.Assert.fail(Assert.java:89)
	at org.testng.Assert.failNotEquals(Assert.java:489)
	at org.testng.Assert.assertEquals(Assert.java:118)
	at org.testng.Assert.assertEquals(Assert.java:171)
	at org.testng.Assert.assertEquals(Assert.java:181)
	at POSTTest.InvalidIDPostTest(POSTTest.java:132)
]]></failure>
    <system-out>{"status" : "SUCCESS", "message" : "All employees are deleted successfully."}
{"status" : "SUCCESS", "message" : "New employee is added successfully."}
{"status" : "SUCCESS", "message" : "All employees are deleted successfully."}
{"status" : "SUCCESS", "message" : "New employee is added successfully."}
{"status" : "SUCCESS", "message" : "New employee is added successfully."}
</system-out>
  </testcase>
  <testcase name="addManyEmployeesRepeatedIDTest" classname="POSTTest" time="0.101"/>
  <testcase name="InvalidNamePostTest" classname="POSTTest" time="0.053">
    <failure message="expected:&lt;ERROR&gt; but was:&lt;SUCCESS&gt;" type="java.lang.AssertionError"><![CDATA[java.lang.AssertionError: expected:<ERROR> but was:<SUCCESS>
	at org.testng.Assert.fail(Assert.java:89)
	at org.testng.Assert.failNotEquals(Assert.java:489)
	at org.testng.Assert.assertEquals(Assert.java:118)
	at org.testng.Assert.assertEquals(Assert.java:171)
	at org.testng.Assert.assertEquals(Assert.java:181)
	at POSTTest.InvalidNamePostTest(POSTTest.java:153)
]]></failure>
    <system-out>{"status" : "SUCCESS", "message" : "All employees are deleted successfully."}
{"status" : "SUCCESS", "message" : "New employee is added successfully."}
{"status" : "SUCCESS", "message" : "All employees are deleted successfully."}
{"status" : "SUCCESS", "message" : "New employee is added successfully."}
{"status" : "SUCCESS", "message" : "New employee is added successfully."}
</system-out>
  </testcase>
  <testcase name="updateNameByUpdatingEmployee" classname="PUTTest" time="0.1"/>
  <testcase name="updateOnMaxSalaryByUpdatingEmployee" classname="PUTTest" time="0.132">
    <failure message="items[firstName=Pascsssal].id&#10;Expected: 438745745094&#10;     got: 438768422146&#10; ; items[firstName=Pascsssal].salary&#10;Expected: 100005&#10;     got: 50002&#10; ; items[firstName=John]&#10;Expected: a JSON object&#10;     but none found&#10; ; items[firstName=Blaise]&#10;Unexpected: a JSON object&#10; ; maxSalary&#10;Expected: 100005&#10;     got: 50002&#10; ; minSalary&#10;Expected: 5000&#10;     got: 10000&#10; ; totalSalaries&#10;Expected: 105005&#10;     got: 60002&#10;" type="java.lang.AssertionError">java.lang.AssertionError: items[firstName=Pascsssal].id
Expected: 438745745094
     got: 438768422146
 ; items[firstName=Pascsssal].salary
Expected: 100005
     got: 50002
 ; items[firstName=John]
Expected: a JSON object
     but none found
 ; items[firstName=Blaise]
Unexpected: a JSON object
 ; maxSalary
Expected: 100005
     got: 50002
 ; minSalary
Expected: 5000
     got: 10000
 ; totalSalaries
Expected: 105005
     got: 60002

	at org.skyscreamer.jsonassert.JSONAssert.assertEquals(JSONAssert.java:417)
	at org.skyscreamer.jsonassert.JSONAssert.assertEquals(JSONAssert.java:394)
	at org.skyscreamer.jsonassert.JSONAssert.assertEquals(JSONAssert.java:336)
	at PUTTest.updateOnMaxSalaryByUpdatingEmployee(PUTTest.java:75)
</failure>
    <system-out>{"status" : "SUCCESS", "message" : "All employees are deleted successfully."}
{"status" : "SUCCESS", "message" : "New employee is added successfully."}
{"status" : "SUCCESS", "message" : "All employees are deleted successfully."}
{"status" : "SUCCESS", "message" : "New employee is added successfully."}
{"status" : "SUCCESS", "message" : "Employee with id 438768422146 is updated successfully."}
{"maxSalary":100005,"totalSalaries":105005,"employeesCount":2,"minSalary":5000,"items":[{"firstName":"Pascsssal","lastName":"Blaisssse","id":"438745745094","salary":100005},{"firstName":"John","lastName":"Smith","id":"438768422146","salary":5000}]}
</system-out>
  </testcase>
  <testcase name="updateOnMinSalaryByUpdatingEmployee" classname="PUTTest" time="0.094">
    <failure message="items[firstName=Test].salary&#10;Expected: 500&#10;     got: 250&#10; ; minSalary&#10;Expected: 500&#10;     got: 250&#10;" type="java.lang.AssertionError">java.lang.AssertionError: items[firstName=Test].salary
Expected: 500
     got: 250
 ; minSalary
Expected: 500
     got: 250

	at org.skyscreamer.jsonassert.JSONAssert.assertEquals(JSONAssert.java:417)
	at org.skyscreamer.jsonassert.JSONAssert.assertEquals(JSONAssert.java:394)
	at org.skyscreamer.jsonassert.JSONAssert.assertEquals(JSONAssert.java:336)
	at PUTTest.updateOnMinSalaryByUpdatingEmployee(PUTTest.java:96)
</failure>
    <system-out>{"status" : "SUCCESS", "message" : "All employees are deleted successfully."}
{"status" : "SUCCESS", "message" : "New employee is added successfully."}
{"status" : "SUCCESS", "message" : "All employees are deleted successfully."}
{"status" : "SUCCESS", "message" : "New employee is added successfully."}
{"status" : "SUCCESS", "message" : "Employee with id 438768422146 is updated successfully."}
{"maxSalary":10000,"totalSalaries":10250,"employeesCount":2,"minSalary":500,"items":[{"firstName":"Blaise","lastName":"Pascal","id":"438745745094","salary":10000},{"firstName":"Test","lastName":"Test","id":"438768422146","salary":500}]}
</system-out>
  </testcase>
</testsuite>